The system is: Linux - 4.4.38-tegra - aarch64
Compiling the C compiler identification source file "CMakeCCompilerId.c" succeeded.
Compiler: /usr/bin/cc 
Build flags: 
Id flags: 

The output was:
0


Compilation of the C compiler identification source "CMakeCCompilerId.c" produced "a.out"

The C compiler identification is GNU, found in "/home/nvidia/axolotl/navit-build/CMakeFiles/3.5.1/CompilerIdC/a.out"

Determining if the C compiler works passed with the following output:
Change Dir: /home/nvidia/axolotl/navit-build/CMakeFiles/CMakeTmp

Run Build Command:"/usr/bin/make" "cmTC_169e0/fast"
/usr/bin/make -f CMakeFiles/cmTC_169e0.dir/build.make CMakeFiles/cmTC_169e0.dir/build
make[1]: Entering directory '/home/nvidia/axolotl/navit-build/CMakeFiles/CMakeTmp'
Building C object CMakeFiles/cmTC_169e0.dir/testCCompiler.c.o
/usr/bin/cc     -o CMakeFiles/cmTC_169e0.dir/testCCompiler.c.o   -c /home/nvidia/axolotl/navit-build/CMakeFiles/CMakeTmp/testCCompiler.c
Linking C executable cmTC_169e0
/usr/bin/cmake -E cmake_link_script CMakeFiles/cmTC_169e0.dir/link.txt --verbose=1
/usr/bin/cc       CMakeFiles/cmTC_169e0.dir/testCCompiler.c.o  -o cmTC_169e0 -rdynamic 
make[1]: Leaving directory '/home/nvidia/axolotl/navit-build/CMakeFiles/CMakeTmp'


Detecting C compiler ABI info compiled with the following output:
Change Dir: /home/nvidia/axolotl/navit-build/CMakeFiles/CMakeTmp

Run Build Command:"/usr/bin/make" "cmTC_c8913/fast"
/usr/bin/make -f CMakeFiles/cmTC_c8913.dir/build.make CMakeFiles/cmTC_c8913.dir/build
make[1]: Entering directory '/home/nvidia/axolotl/navit-build/CMakeFiles/CMakeTmp'
Building C object CMakeFiles/cmTC_c8913.dir/CMakeCCompilerABI.c.o
/usr/bin/cc     -o CMakeFiles/cmTC_c8913.dir/CMakeCCompilerABI.c.o   -c /usr/share/cmake-3.5/Modules/CMakeCCompilerABI.c
Linking C executable cmTC_c8913
/usr/bin/cmake -E cmake_link_script CMakeFiles/cmTC_c8913.dir/link.txt --verbose=1
/usr/bin/cc      -v CMakeFiles/cmTC_c8913.dir/CMakeCCompilerABI.c.o  -o cmTC_c8913 -rdynamic  
Using built-in specs.
COLLECT_GCC=/usr/bin/cc
COLLECT_LTO_WRAPPER=/usr/lib/gcc/aarch64-linux-gnu/5/lto-wrapper
Target: aarch64-linux-gnu
Configured with: ../src/configure -v --with-pkgversion='Ubuntu/Linaro 5.4.0-6ubuntu1~16.04.5' --with-bugurl=file:///usr/share/doc/gcc-5/README.Bugs --enable-languages=c,ada,c++,java,go,d,fortran,objc,obj-c++ --prefix=/usr --program-suffix=-5 --enable-shared --enable-linker-build-id --libexecdir=/usr/lib --without-included-gettext --enable-threads=posix --libdir=/usr/lib --enable-nls --with-sysroot=/ --enable-clocale=gnu --enable-libstdcxx-debug --enable-libstdcxx-time=yes --with-default-libstdcxx-abi=new --enable-gnu-unique-object --disable-libquadmath --enable-plugin --with-system-zlib --disable-browser-plugin --enable-java-awt=gtk --enable-gtk-cairo --with-java-home=/usr/lib/jvm/java-1.5.0-gcj-5-arm64/jre --enable-java-home --with-jvm-root-dir=/usr/lib/jvm/java-1.5.0-gcj-5-arm64 --with-jvm-jar-dir=/usr/lib/jvm-exports/java-1.5.0-gcj-5-arm64 --with-arch-directory=aarch64 --with-ecj-jar=/usr/share/java/eclipse-ecj.jar --enable-multiarch --enable-fix-cortex-a53-843419 --disable-werror --enable-checking=release --build=aarch64-linux-gnu --host=aarch64-linux-gnu --target=aarch64-linux-gnu
Thread model: posix
gcc version 5.4.0 20160609 (Ubuntu/Linaro 5.4.0-6ubuntu1~16.04.5) 
COMPILER_PATH=/usr/lib/gcc/aarch64-linux-gnu/5/:/usr/lib/gcc/aarch64-linux-gnu/5/:/usr/lib/gcc/aarch64-linux-gnu/:/usr/lib/gcc/aarch64-linux-gnu/5/:/usr/lib/gcc/aarch64-linux-gnu/
LIBRARY_PATH=/usr/lib/gcc/aarch64-linux-gnu/5/:/usr/lib/gcc/aarch64-linux-gnu/5/../../../aarch64-linux-gnu/:/usr/lib/gcc/aarch64-linux-gnu/5/../../../../lib/:/lib/aarch64-linux-gnu/:/lib/../lib/:/usr/lib/aarch64-linux-gnu/:/usr/lib/../lib/:/usr/lib/gcc/aarch64-linux-gnu/5/../../../:/lib/:/usr/lib/
COLLECT_GCC_OPTIONS='-v' '-o' 'cmTC_c8913' '-rdynamic' '-mlittle-endian' '-mabi=lp64'
 /usr/lib/gcc/aarch64-linux-gnu/5/collect2 -plugin /usr/lib/gcc/aarch64-linux-gnu/5/liblto_plugin.so -plugin-opt=/usr/lib/gcc/aarch64-linux-gnu/5/lto-wrapper -plugin-opt=-fresolution=/tmp/ccCKoNbe.res -plugin-opt=-pass-through=-lgcc -plugin-opt=-pass-through=-lgcc_s -plugin-opt=-pass-through=-lc -plugin-opt=-pass-through=-lgcc -plugin-opt=-pass-through=-lgcc_s --sysroot=/ --build-id --eh-frame-hdr --hash-style=gnu --as-needed -export-dynamic -dynamic-linker /lib/ld-linux-aarch64.so.1 -X -EL -maarch64linux --fix-cortex-a53-843419 -z relro -o cmTC_c8913 /usr/lib/gcc/aarch64-linux-gnu/5/../../../aarch64-linux-gnu/crt1.o /usr/lib/gcc/aarch64-linux-gnu/5/../../../aarch64-linux-gnu/crti.o /usr/lib/gcc/aarch64-linux-gnu/5/crtbegin.o -L/usr/lib/gcc/aarch64-linux-gnu/5 -L/usr/lib/gcc/aarch64-linux-gnu/5/../../../aarch64-linux-gnu -L/usr/lib/gcc/aarch64-linux-gnu/5/../../../../lib -L/lib/aarch64-linux-gnu -L/lib/../lib -L/usr/lib/aarch64-linux-gnu -L/usr/lib/../lib -L/usr/lib/gcc/aarch64-linux-gnu/5/../../.. CMakeFiles/cmTC_c8913.dir/CMakeCCompilerABI.c.o -lgcc --as-needed -lgcc_s --no-as-needed -lc -lgcc --as-needed -lgcc_s --no-as-needed /usr/lib/gcc/aarch64-linux-gnu/5/crtend.o /usr/lib/gcc/aarch64-linux-gnu/5/../../../aarch64-linux-gnu/crtn.o
make[1]: Leaving directory '/home/nvidia/axolotl/navit-build/CMakeFiles/CMakeTmp'


Parsed C implicit link information from above output:
  link line regex: [^( *|.*[/\])(ld|([^/\]+-)?ld|collect2)[^/\]*( |$)]
  ignore line: [Change Dir: /home/nvidia/axolotl/navit-build/CMakeFiles/CMakeTmp]
  ignore line: []
  ignore line: [Run Build Command:"/usr/bin/make" "cmTC_c8913/fast"]
  ignore line: [/usr/bin/make -f CMakeFiles/cmTC_c8913.dir/build.make CMakeFiles/cmTC_c8913.dir/build]
  ignore line: [make[1]: Entering directory '/home/nvidia/axolotl/navit-build/CMakeFiles/CMakeTmp']
  ignore line: [Building C object CMakeFiles/cmTC_c8913.dir/CMakeCCompilerABI.c.o]
  ignore line: [/usr/bin/cc     -o CMakeFiles/cmTC_c8913.dir/CMakeCCompilerABI.c.o   -c /usr/share/cmake-3.5/Modules/CMakeCCompilerABI.c]
  ignore line: [Linking C executable cmTC_c8913]
  ignore line: [/usr/bin/cmake -E cmake_link_script CMakeFiles/cmTC_c8913.dir/link.txt --verbose=1]
  ignore line: [/usr/bin/cc      -v CMakeFiles/cmTC_c8913.dir/CMakeCCompilerABI.c.o  -o cmTC_c8913 -rdynamic  ]
  ignore line: [Using built-in specs.]
  ignore line: [COLLECT_GCC=/usr/bin/cc]
  ignore line: [COLLECT_LTO_WRAPPER=/usr/lib/gcc/aarch64-linux-gnu/5/lto-wrapper]
  ignore line: [Target: aarch64-linux-gnu]
  ignore line: [Configured with: ../src/configure -v --with-pkgversion='Ubuntu/Linaro 5.4.0-6ubuntu1~16.04.5' --with-bugurl=file:///usr/share/doc/gcc-5/README.Bugs --enable-languages=c,ada,c++,java,go,d,fortran,objc,obj-c++ --prefix=/usr --program-suffix=-5 --enable-shared --enable-linker-build-id --libexecdir=/usr/lib --without-included-gettext --enable-threads=posix --libdir=/usr/lib --enable-nls --with-sysroot=/ --enable-clocale=gnu --enable-libstdcxx-debug --enable-libstdcxx-time=yes --with-default-libstdcxx-abi=new --enable-gnu-unique-object --disable-libquadmath --enable-plugin --with-system-zlib --disable-browser-plugin --enable-java-awt=gtk --enable-gtk-cairo --with-java-home=/usr/lib/jvm/java-1.5.0-gcj-5-arm64/jre --enable-java-home --with-jvm-root-dir=/usr/lib/jvm/java-1.5.0-gcj-5-arm64 --with-jvm-jar-dir=/usr/lib/jvm-exports/java-1.5.0-gcj-5-arm64 --with-arch-directory=aarch64 --with-ecj-jar=/usr/share/java/eclipse-ecj.jar --enable-multiarch --enable-fix-cortex-a53-843419 --disable-werror --enable-checking=release --build=aarch64-linux-gnu --host=aarch64-linux-gnu --target=aarch64-linux-gnu]
  ignore line: [Thread model: posix]
  ignore line: [gcc version 5.4.0 20160609 (Ubuntu/Linaro 5.4.0-6ubuntu1~16.04.5) ]
  ignore line: [COMPILER_PATH=/usr/lib/gcc/aarch64-linux-gnu/5/:/usr/lib/gcc/aarch64-linux-gnu/5/:/usr/lib/gcc/aarch64-linux-gnu/:/usr/lib/gcc/aarch64-linux-gnu/5/:/usr/lib/gcc/aarch64-linux-gnu/]
  ignore line: [LIBRARY_PATH=/usr/lib/gcc/aarch64-linux-gnu/5/:/usr/lib/gcc/aarch64-linux-gnu/5/../../../aarch64-linux-gnu/:/usr/lib/gcc/aarch64-linux-gnu/5/../../../../lib/:/lib/aarch64-linux-gnu/:/lib/../lib/:/usr/lib/aarch64-linux-gnu/:/usr/lib/../lib/:/usr/lib/gcc/aarch64-linux-gnu/5/../../../:/lib/:/usr/lib/]
  ignore line: [COLLECT_GCC_OPTIONS='-v' '-o' 'cmTC_c8913' '-rdynamic' '-mlittle-endian' '-mabi=lp64']
  link line: [ /usr/lib/gcc/aarch64-linux-gnu/5/collect2 -plugin /usr/lib/gcc/aarch64-linux-gnu/5/liblto_plugin.so -plugin-opt=/usr/lib/gcc/aarch64-linux-gnu/5/lto-wrapper -plugin-opt=-fresolution=/tmp/ccCKoNbe.res -plugin-opt=-pass-through=-lgcc -plugin-opt=-pass-through=-lgcc_s -plugin-opt=-pass-through=-lc -plugin-opt=-pass-through=-lgcc -plugin-opt=-pass-through=-lgcc_s --sysroot=/ --build-id --eh-frame-hdr --hash-style=gnu --as-needed -export-dynamic -dynamic-linker /lib/ld-linux-aarch64.so.1 -X -EL -maarch64linux --fix-cortex-a53-843419 -z relro -o cmTC_c8913 /usr/lib/gcc/aarch64-linux-gnu/5/../../../aarch64-linux-gnu/crt1.o /usr/lib/gcc/aarch64-linux-gnu/5/../../../aarch64-linux-gnu/crti.o /usr/lib/gcc/aarch64-linux-gnu/5/crtbegin.o -L/usr/lib/gcc/aarch64-linux-gnu/5 -L/usr/lib/gcc/aarch64-linux-gnu/5/../../../aarch64-linux-gnu -L/usr/lib/gcc/aarch64-linux-gnu/5/../../../../lib -L/lib/aarch64-linux-gnu -L/lib/../lib -L/usr/lib/aarch64-linux-gnu -L/usr/lib/../lib -L/usr/lib/gcc/aarch64-linux-gnu/5/../../.. CMakeFiles/cmTC_c8913.dir/CMakeCCompilerABI.c.o -lgcc --as-needed -lgcc_s --no-as-needed -lc -lgcc --as-needed -lgcc_s --no-as-needed /usr/lib/gcc/aarch64-linux-gnu/5/crtend.o /usr/lib/gcc/aarch64-linux-gnu/5/../../../aarch64-linux-gnu/crtn.o]
    arg [/usr/lib/gcc/aarch64-linux-gnu/5/collect2] ==> ignore
    arg [-plugin] ==> ignore
    arg [/usr/lib/gcc/aarch64-linux-gnu/5/liblto_plugin.so] ==> ignore
    arg [-plugin-opt=/usr/lib/gcc/aarch64-linux-gnu/5/lto-wrapper] ==> ignore
    arg [-plugin-opt=-fresolution=/tmp/ccCKoNbe.res] ==> ignore
    arg [-plugin-opt=-pass-through=-lgcc] ==> ignore
    arg [-plugin-opt=-pass-through=-lgcc_s] ==> ignore
    arg [-plugin-opt=-pass-through=-lc] ==> ignore
    arg [-plugin-opt=-pass-through=-lgcc] ==> ignore
    arg [-plugin-opt=-pass-through=-lgcc_s] ==> ignore
    arg [--sysroot=/] ==> ignore
    arg [--build-id] ==> ignore
    arg [--eh-frame-hdr] ==> ignore
    arg [--hash-style=gnu] ==> ignore
    arg [--as-needed] ==> ignore
    arg [-export-dynamic] ==> ignore
    arg [-dynamic-linker] ==> ignore
    arg [/lib/ld-linux-aarch64.so.1] ==> ignore
    arg [-X] ==> ignore
    arg [-EL] ==> ignore
    arg [-maarch64linux] ==> ignore
    arg [--fix-cortex-a53-843419] ==> ignore
    arg [-zrelro] ==> ignore
    arg [-o] ==> ignore
    arg [cmTC_c8913] ==> ignore
    arg [/usr/lib/gcc/aarch64-linux-gnu/5/../../../aarch64-linux-gnu/crt1.o] ==> ignore
    arg [/usr/lib/gcc/aarch64-linux-gnu/5/../../../aarch64-linux-gnu/crti.o] ==> ignore
    arg [/usr/lib/gcc/aarch64-linux-gnu/5/crtbegin.o] ==> ignore
    arg [-L/usr/lib/gcc/aarch64-linux-gnu/5] ==> dir [/usr/lib/gcc/aarch64-linux-gnu/5]
    arg [-L/usr/lib/gcc/aarch64-linux-gnu/5/../../../aarch64-linux-gnu] ==> dir [/usr/lib/gcc/aarch64-linux-gnu/5/../../../aarch64-linux-gnu]
    arg [-L/usr/lib/gcc/aarch64-linux-gnu/5/../../../../lib] ==> dir [/usr/lib/gcc/aarch64-linux-gnu/5/../../../../lib]
    arg [-L/lib/aarch64-linux-gnu] ==> dir [/lib/aarch64-linux-gnu]
    arg [-L/lib/../lib] ==> dir [/lib/../lib]
    arg [-L/usr/lib/aarch64-linux-gnu] ==> dir [/usr/lib/aarch64-linux-gnu]
    arg [-L/usr/lib/../lib] ==> dir [/usr/lib/../lib]
    arg [-L/usr/lib/gcc/aarch64-linux-gnu/5/../../..] ==> dir [/usr/lib/gcc/aarch64-linux-gnu/5/../../..]
    arg [CMakeFiles/cmTC_c8913.dir/CMakeCCompilerABI.c.o] ==> ignore
    arg [-lgcc] ==> lib [gcc]
    arg [--as-needed] ==> ignore
    arg [-lgcc_s] ==> lib [gcc_s]
    arg [--no-as-needed] ==> ignore
    arg [-lc] ==> lib [c]
    arg [-lgcc] ==> lib [gcc]
    arg [--as-needed] ==> ignore
    arg [-lgcc_s] ==> lib [gcc_s]
    arg [--no-as-needed] ==> ignore
    arg [/usr/lib/gcc/aarch64-linux-gnu/5/crtend.o] ==> ignore
    arg [/usr/lib/gcc/aarch64-linux-gnu/5/../../../aarch64-linux-gnu/crtn.o] ==> ignore
  remove lib [gcc]
  remove lib [gcc_s]
  remove lib [gcc]
  remove lib [gcc_s]
  collapse library dir [/usr/lib/gcc/aarch64-linux-gnu/5] ==> [/usr/lib/gcc/aarch64-linux-gnu/5]
  collapse library dir [/usr/lib/gcc/aarch64-linux-gnu/5/../../../aarch64-linux-gnu] ==> [/usr/lib/aarch64-linux-gnu]
  collapse library dir [/usr/lib/gcc/aarch64-linux-gnu/5/../../../../lib] ==> [/usr/lib]
  collapse library dir [/lib/aarch64-linux-gnu] ==> [/lib/aarch64-linux-gnu]
  collapse library dir [/lib/../lib] ==> [/lib]
  collapse library dir [/usr/lib/aarch64-linux-gnu] ==> [/usr/lib/aarch64-linux-gnu]
  collapse library dir [/usr/lib/../lib] ==> [/usr/lib]
  collapse library dir [/usr/lib/gcc/aarch64-linux-gnu/5/../../..] ==> [/usr/lib]
  implicit libs: [c]
  implicit dirs: [/usr/lib/gcc/aarch64-linux-gnu/5;/usr/lib/aarch64-linux-gnu;/usr/lib;/lib/aarch64-linux-gnu;/lib]
  implicit fwks: []




Detecting C [-std=c11] compiler features compiled with the following output:
Change Dir: /home/nvidia/axolotl/navit-build/CMakeFiles/CMakeTmp

Run Build Command:"/usr/bin/make" "cmTC_19e22/fast"
/usr/bin/make -f CMakeFiles/cmTC_19e22.dir/build.make CMakeFiles/cmTC_19e22.dir/build
make[1]: Entering directory '/home/nvidia/axolotl/navit-build/CMakeFiles/CMakeTmp'
Building C object CMakeFiles/cmTC_19e22.dir/feature_tests.c.o
/usr/bin/cc    -std=c11 -o CMakeFiles/cmTC_19e22.dir/feature_tests.c.o   -c /home/nvidia/axolotl/navit-build/CMakeFiles/feature_tests.c
Linking C executable cmTC_19e22
/usr/bin/cmake -E cmake_link_script CMakeFiles/cmTC_19e22.dir/link.txt --verbose=1
/usr/bin/cc       CMakeFiles/cmTC_19e22.dir/feature_tests.c.o  -o cmTC_19e22 -rdynamic 
make[1]: Leaving directory '/home/nvidia/axolotl/navit-build/CMakeFiles/CMakeTmp'


    Feature record: C_FEATURE:1c_function_prototypes
    Feature record: C_FEATURE:1c_restrict
    Feature record: C_FEATURE:1c_static_assert
    Feature record: C_FEATURE:1c_variadic_macros


Detecting C [-std=c99] compiler features compiled with the following output:
Change Dir: /home/nvidia/axolotl/navit-build/CMakeFiles/CMakeTmp

Run Build Command:"/usr/bin/make" "cmTC_4aaa5/fast"
/usr/bin/make -f CMakeFiles/cmTC_4aaa5.dir/build.make CMakeFiles/cmTC_4aaa5.dir/build
make[1]: Entering directory '/home/nvidia/axolotl/navit-build/CMakeFiles/CMakeTmp'
Building C object CMakeFiles/cmTC_4aaa5.dir/feature_tests.c.o
/usr/bin/cc    -std=c99 -o CMakeFiles/cmTC_4aaa5.dir/feature_tests.c.o   -c /home/nvidia/axolotl/navit-build/CMakeFiles/feature_tests.c
Linking C executable cmTC_4aaa5
/usr/bin/cmake -E cmake_link_script CMakeFiles/cmTC_4aaa5.dir/link.txt --verbose=1
/usr/bin/cc       CMakeFiles/cmTC_4aaa5.dir/feature_tests.c.o  -o cmTC_4aaa5 -rdynamic 
make[1]: Leaving directory '/home/nvidia/axolotl/navit-build/CMakeFiles/CMakeTmp'


    Feature record: C_FEATURE:1c_function_prototypes
    Feature record: C_FEATURE:1c_restrict
    Feature record: C_FEATURE:0c_static_assert
    Feature record: C_FEATURE:1c_variadic_macros


Detecting C [-std=c90] compiler features compiled with the following output:
Change Dir: /home/nvidia/axolotl/navit-build/CMakeFiles/CMakeTmp

Run Build Command:"/usr/bin/make" "cmTC_e4ae9/fast"
/usr/bin/make -f CMakeFiles/cmTC_e4ae9.dir/build.make CMakeFiles/cmTC_e4ae9.dir/build
make[1]: Entering directory '/home/nvidia/axolotl/navit-build/CMakeFiles/CMakeTmp'
Building C object CMakeFiles/cmTC_e4ae9.dir/feature_tests.c.o
/usr/bin/cc    -std=c90 -o CMakeFiles/cmTC_e4ae9.dir/feature_tests.c.o   -c /home/nvidia/axolotl/navit-build/CMakeFiles/feature_tests.c
Linking C executable cmTC_e4ae9
/usr/bin/cmake -E cmake_link_script CMakeFiles/cmTC_e4ae9.dir/link.txt --verbose=1
/usr/bin/cc       CMakeFiles/cmTC_e4ae9.dir/feature_tests.c.o  -o cmTC_e4ae9 -rdynamic 
make[1]: Leaving directory '/home/nvidia/axolotl/navit-build/CMakeFiles/CMakeTmp'


    Feature record: C_FEATURE:1c_function_prototypes
    Feature record: C_FEATURE:0c_restrict
    Feature record: C_FEATURE:0c_static_assert
    Feature record: C_FEATURE:0c_variadic_macros
Compiling the CXX compiler identification source file "CMakeCXXCompilerId.cpp" succeeded.
Compiler: /usr/bin/c++ 
Build flags: 
Id flags: 

The output was:
0


Compilation of the CXX compiler identification source "CMakeCXXCompilerId.cpp" produced "a.out"

The CXX compiler identification is GNU, found in "/home/nvidia/axolotl/navit-build/CMakeFiles/3.5.1/CompilerIdCXX/a.out"

Determining if the CXX compiler works passed with the following output:
Change Dir: /home/nvidia/axolotl/navit-build/CMakeFiles/CMakeTmp

Run Build Command:"/usr/bin/make" "cmTC_914ea/fast"
/usr/bin/make -f CMakeFiles/cmTC_914ea.dir/build.make CMakeFiles/cmTC_914ea.dir/build
make[1]: Entering directory '/home/nvidia/axolotl/navit-build/CMakeFiles/CMakeTmp'
Building CXX object CMakeFiles/cmTC_914ea.dir/testCXXCompiler.cxx.o
/usr/bin/c++      -o CMakeFiles/cmTC_914ea.dir/testCXXCompiler.cxx.o -c /home/nvidia/axolotl/navit-build/CMakeFiles/CMakeTmp/testCXXCompiler.cxx
Linking CXX executable cmTC_914ea
/usr/bin/cmake -E cmake_link_script CMakeFiles/cmTC_914ea.dir/link.txt --verbose=1
/usr/bin/c++        CMakeFiles/cmTC_914ea.dir/testCXXCompiler.cxx.o  -o cmTC_914ea -rdynamic 
make[1]: Leaving directory '/home/nvidia/axolotl/navit-build/CMakeFiles/CMakeTmp'


Detecting CXX compiler ABI info compiled with the following output:
Change Dir: /home/nvidia/axolotl/navit-build/CMakeFiles/CMakeTmp

Run Build Command:"/usr/bin/make" "cmTC_8a796/fast"
/usr/bin/make -f CMakeFiles/cmTC_8a796.dir/build.make CMakeFiles/cmTC_8a796.dir/build
make[1]: Entering directory '/home/nvidia/axolotl/navit-build/CMakeFiles/CMakeTmp'
Building CXX object CMakeFiles/cmTC_8a796.dir/CMakeCXXCompilerABI.cpp.o
/usr/bin/c++      -o CMakeFiles/cmTC_8a796.dir/CMakeCXXCompilerABI.cpp.o -c /usr/share/cmake-3.5/Modules/CMakeCXXCompilerABI.cpp
Linking CXX executable cmTC_8a796
/usr/bin/cmake -E cmake_link_script CMakeFiles/cmTC_8a796.dir/link.txt --verbose=1
/usr/bin/c++       -v CMakeFiles/cmTC_8a796.dir/CMakeCXXCompilerABI.cpp.o  -o cmTC_8a796 -rdynamic  
Using built-in specs.
COLLECT_GCC=/usr/bin/c++
COLLECT_LTO_WRAPPER=/usr/lib/gcc/aarch64-linux-gnu/5/lto-wrapper
Target: aarch64-linux-gnu
Configured with: ../src/configure -v --with-pkgversion='Ubuntu/Linaro 5.4.0-6ubuntu1~16.04.5' --with-bugurl=file:///usr/share/doc/gcc-5/README.Bugs --enable-languages=c,ada,c++,java,go,d,fortran,objc,obj-c++ --prefix=/usr --program-suffix=-5 --enable-shared --enable-linker-build-id --libexecdir=/usr/lib --without-included-gettext --enable-threads=posix --libdir=/usr/lib --enable-nls --with-sysroot=/ --enable-clocale=gnu --enable-libstdcxx-debug --enable-libstdcxx-time=yes --with-default-libstdcxx-abi=new --enable-gnu-unique-object --disable-libquadmath --enable-plugin --with-system-zlib --disable-browser-plugin --enable-java-awt=gtk --enable-gtk-cairo --with-java-home=/usr/lib/jvm/java-1.5.0-gcj-5-arm64/jre --enable-java-home --with-jvm-root-dir=/usr/lib/jvm/java-1.5.0-gcj-5-arm64 --with-jvm-jar-dir=/usr/lib/jvm-exports/java-1.5.0-gcj-5-arm64 --with-arch-directory=aarch64 --with-ecj-jar=/usr/share/java/eclipse-ecj.jar --enable-multiarch --enable-fix-cortex-a53-843419 --disable-werror --enable-checking=release --build=aarch64-linux-gnu --host=aarch64-linux-gnu --target=aarch64-linux-gnu
Thread model: posix
gcc version 5.4.0 20160609 (Ubuntu/Linaro 5.4.0-6ubuntu1~16.04.5) 
COMPILER_PATH=/usr/lib/gcc/aarch64-linux-gnu/5/:/usr/lib/gcc/aarch64-linux-gnu/5/:/usr/lib/gcc/aarch64-linux-gnu/:/usr/lib/gcc/aarch64-linux-gnu/5/:/usr/lib/gcc/aarch64-linux-gnu/
LIBRARY_PATH=/usr/lib/gcc/aarch64-linux-gnu/5/:/usr/lib/gcc/aarch64-linux-gnu/5/../../../aarch64-linux-gnu/:/usr/lib/gcc/aarch64-linux-gnu/5/../../../../lib/:/lib/aarch64-linux-gnu/:/lib/../lib/:/usr/lib/aarch64-linux-gnu/:/usr/lib/../lib/:/usr/lib/gcc/aarch64-linux-gnu/5/../../../:/lib/:/usr/lib/
COLLECT_GCC_OPTIONS='-v' '-o' 'cmTC_8a796' '-rdynamic' '-shared-libgcc' '-mlittle-endian' '-mabi=lp64'
 /usr/lib/gcc/aarch64-linux-gnu/5/collect2 -plugin /usr/lib/gcc/aarch64-linux-gnu/5/liblto_plugin.so -plugin-opt=/usr/lib/gcc/aarch64-linux-gnu/5/lto-wrapper -plugin-opt=-fresolution=/tmp/cciqOajY.res -plugin-opt=-pass-through=-lgcc_s -plugin-opt=-pass-through=-lgcc -plugin-opt=-pass-through=-lc -plugin-opt=-pass-through=-lgcc_s -plugin-opt=-pass-through=-lgcc --sysroot=/ --build-id --eh-frame-hdr --hash-style=gnu --as-needed -export-dynamic -dynamic-linker /lib/ld-linux-aarch64.so.1 -X -EL -maarch64linux --fix-cortex-a53-843419 -z relro -o cmTC_8a796 /usr/lib/gcc/aarch64-linux-gnu/5/../../../aarch64-linux-gnu/crt1.o /usr/lib/gcc/aarch64-linux-gnu/5/../../../aarch64-linux-gnu/crti.o /usr/lib/gcc/aarch64-linux-gnu/5/crtbegin.o -L/usr/lib/gcc/aarch64-linux-gnu/5 -L/usr/lib/gcc/aarch64-linux-gnu/5/../../../aarch64-linux-gnu -L/usr/lib/gcc/aarch64-linux-gnu/5/../../../../lib -L/lib/aarch64-linux-gnu -L/lib/../lib -L/usr/lib/aarch64-linux-gnu -L/usr/lib/../lib -L/usr/lib/gcc/aarch64-linux-gnu/5/../../.. CMakeFiles/cmTC_8a796.dir/CMakeCXXCompilerABI.cpp.o -lstdc++ -lm -lgcc_s -lgcc -lc -lgcc_s -lgcc /usr/lib/gcc/aarch64-linux-gnu/5/crtend.o /usr/lib/gcc/aarch64-linux-gnu/5/../../../aarch64-linux-gnu/crtn.o
make[1]: Leaving directory '/home/nvidia/axolotl/navit-build/CMakeFiles/CMakeTmp'


Parsed CXX implicit link information from above output:
  link line regex: [^( *|.*[/\])(ld|([^/\]+-)?ld|collect2)[^/\]*( |$)]
  ignore line: [Change Dir: /home/nvidia/axolotl/navit-build/CMakeFiles/CMakeTmp]
  ignore line: []
  ignore line: [Run Build Command:"/usr/bin/make" "cmTC_8a796/fast"]
  ignore line: [/usr/bin/make -f CMakeFiles/cmTC_8a796.dir/build.make CMakeFiles/cmTC_8a796.dir/build]
  ignore line: [make[1]: Entering directory '/home/nvidia/axolotl/navit-build/CMakeFiles/CMakeTmp']
  ignore line: [Building CXX object CMakeFiles/cmTC_8a796.dir/CMakeCXXCompilerABI.cpp.o]
  ignore line: [/usr/bin/c++      -o CMakeFiles/cmTC_8a796.dir/CMakeCXXCompilerABI.cpp.o -c /usr/share/cmake-3.5/Modules/CMakeCXXCompilerABI.cpp]
  ignore line: [Linking CXX executable cmTC_8a796]
  ignore line: [/usr/bin/cmake -E cmake_link_script CMakeFiles/cmTC_8a796.dir/link.txt --verbose=1]
  ignore line: [/usr/bin/c++       -v CMakeFiles/cmTC_8a796.dir/CMakeCXXCompilerABI.cpp.o  -o cmTC_8a796 -rdynamic  ]
  ignore line: [Using built-in specs.]
  ignore line: [COLLECT_GCC=/usr/bin/c++]
  ignore line: [COLLECT_LTO_WRAPPER=/usr/lib/gcc/aarch64-linux-gnu/5/lto-wrapper]
  ignore line: [Target: aarch64-linux-gnu]
  ignore line: [Configured with: ../src/configure -v --with-pkgversion='Ubuntu/Linaro 5.4.0-6ubuntu1~16.04.5' --with-bugurl=file:///usr/share/doc/gcc-5/README.Bugs --enable-languages=c,ada,c++,java,go,d,fortran,objc,obj-c++ --prefix=/usr --program-suffix=-5 --enable-shared --enable-linker-build-id --libexecdir=/usr/lib --without-included-gettext --enable-threads=posix --libdir=/usr/lib --enable-nls --with-sysroot=/ --enable-clocale=gnu --enable-libstdcxx-debug --enable-libstdcxx-time=yes --with-default-libstdcxx-abi=new --enable-gnu-unique-object --disable-libquadmath --enable-plugin --with-system-zlib --disable-browser-plugin --enable-java-awt=gtk --enable-gtk-cairo --with-java-home=/usr/lib/jvm/java-1.5.0-gcj-5-arm64/jre --enable-java-home --with-jvm-root-dir=/usr/lib/jvm/java-1.5.0-gcj-5-arm64 --with-jvm-jar-dir=/usr/lib/jvm-exports/java-1.5.0-gcj-5-arm64 --with-arch-directory=aarch64 --with-ecj-jar=/usr/share/java/eclipse-ecj.jar --enable-multiarch --enable-fix-cortex-a53-843419 --disable-werror --enable-checking=release --build=aarch64-linux-gnu --host=aarch64-linux-gnu --target=aarch64-linux-gnu]
  ignore line: [Thread model: posix]
  ignore line: [gcc version 5.4.0 20160609 (Ubuntu/Linaro 5.4.0-6ubuntu1~16.04.5) ]
  ignore line: [COMPILER_PATH=/usr/lib/gcc/aarch64-linux-gnu/5/:/usr/lib/gcc/aarch64-linux-gnu/5/:/usr/lib/gcc/aarch64-linux-gnu/:/usr/lib/gcc/aarch64-linux-gnu/5/:/usr/lib/gcc/aarch64-linux-gnu/]
  ignore line: [LIBRARY_PATH=/usr/lib/gcc/aarch64-linux-gnu/5/:/usr/lib/gcc/aarch64-linux-gnu/5/../../../aarch64-linux-gnu/:/usr/lib/gcc/aarch64-linux-gnu/5/../../../../lib/:/lib/aarch64-linux-gnu/:/lib/../lib/:/usr/lib/aarch64-linux-gnu/:/usr/lib/../lib/:/usr/lib/gcc/aarch64-linux-gnu/5/../../../:/lib/:/usr/lib/]
  ignore line: [COLLECT_GCC_OPTIONS='-v' '-o' 'cmTC_8a796' '-rdynamic' '-shared-libgcc' '-mlittle-endian' '-mabi=lp64']
  link line: [ /usr/lib/gcc/aarch64-linux-gnu/5/collect2 -plugin /usr/lib/gcc/aarch64-linux-gnu/5/liblto_plugin.so -plugin-opt=/usr/lib/gcc/aarch64-linux-gnu/5/lto-wrapper -plugin-opt=-fresolution=/tmp/cciqOajY.res -plugin-opt=-pass-through=-lgcc_s -plugin-opt=-pass-through=-lgcc -plugin-opt=-pass-through=-lc -plugin-opt=-pass-through=-lgcc_s -plugin-opt=-pass-through=-lgcc --sysroot=/ --build-id --eh-frame-hdr --hash-style=gnu --as-needed -export-dynamic -dynamic-linker /lib/ld-linux-aarch64.so.1 -X -EL -maarch64linux --fix-cortex-a53-843419 -z relro -o cmTC_8a796 /usr/lib/gcc/aarch64-linux-gnu/5/../../../aarch64-linux-gnu/crt1.o /usr/lib/gcc/aarch64-linux-gnu/5/../../../aarch64-linux-gnu/crti.o /usr/lib/gcc/aarch64-linux-gnu/5/crtbegin.o -L/usr/lib/gcc/aarch64-linux-gnu/5 -L/usr/lib/gcc/aarch64-linux-gnu/5/../../../aarch64-linux-gnu -L/usr/lib/gcc/aarch64-linux-gnu/5/../../../../lib -L/lib/aarch64-linux-gnu -L/lib/../lib -L/usr/lib/aarch64-linux-gnu -L/usr/lib/../lib -L/usr/lib/gcc/aarch64-linux-gnu/5/../../.. CMakeFiles/cmTC_8a796.dir/CMakeCXXCompilerABI.cpp.o -lstdc++ -lm -lgcc_s -lgcc -lc -lgcc_s -lgcc /usr/lib/gcc/aarch64-linux-gnu/5/crtend.o /usr/lib/gcc/aarch64-linux-gnu/5/../../../aarch64-linux-gnu/crtn.o]
    arg [/usr/lib/gcc/aarch64-linux-gnu/5/collect2] ==> ignore
    arg [-plugin] ==> ignore
    arg [/usr/lib/gcc/aarch64-linux-gnu/5/liblto_plugin.so] ==> ignore
    arg [-plugin-opt=/usr/lib/gcc/aarch64-linux-gnu/5/lto-wrapper] ==> ignore
    arg [-plugin-opt=-fresolution=/tmp/cciqOajY.res] ==> ignore
    arg [-plugin-opt=-pass-through=-lgcc_s] ==> ignore
    arg [-plugin-opt=-pass-through=-lgcc] ==> ignore
    arg [-plugin-opt=-pass-through=-lc] ==> ignore
    arg [-plugin-opt=-pass-through=-lgcc_s] ==> ignore
    arg [-plugin-opt=-pass-through=-lgcc] ==> ignore
    arg [--sysroot=/] ==> ignore
    arg [--build-id] ==> ignore
    arg [--eh-frame-hdr] ==> ignore
    arg [--hash-style=gnu] ==> ignore
    arg [--as-needed] ==> ignore
    arg [-export-dynamic] ==> ignore
    arg [-dynamic-linker] ==> ignore
    arg [/lib/ld-linux-aarch64.so.1] ==> ignore
    arg [-X] ==> ignore
    arg [-EL] ==> ignore
    arg [-maarch64linux] ==> ignore
    arg [--fix-cortex-a53-843419] ==> ignore
    arg [-zrelro] ==> ignore
    arg [-o] ==> ignore
    arg [cmTC_8a796] ==> ignore
    arg [/usr/lib/gcc/aarch64-linux-gnu/5/../../../aarch64-linux-gnu/crt1.o] ==> ignore
    arg [/usr/lib/gcc/aarch64-linux-gnu/5/../../../aarch64-linux-gnu/crti.o] ==> ignore
    arg [/usr/lib/gcc/aarch64-linux-gnu/5/crtbegin.o] ==> ignore
    arg [-L/usr/lib/gcc/aarch64-linux-gnu/5] ==> dir [/usr/lib/gcc/aarch64-linux-gnu/5]
    arg [-L/usr/lib/gcc/aarch64-linux-gnu/5/../../../aarch64-linux-gnu] ==> dir [/usr/lib/gcc/aarch64-linux-gnu/5/../../../aarch64-linux-gnu]
    arg [-L/usr/lib/gcc/aarch64-linux-gnu/5/../../../../lib] ==> dir [/usr/lib/gcc/aarch64-linux-gnu/5/../../../../lib]
    arg [-L/lib/aarch64-linux-gnu] ==> dir [/lib/aarch64-linux-gnu]
    arg [-L/lib/../lib] ==> dir [/lib/../lib]
    arg [-L/usr/lib/aarch64-linux-gnu] ==> dir [/usr/lib/aarch64-linux-gnu]
    arg [-L/usr/lib/../lib] ==> dir [/usr/lib/../lib]
    arg [-L/usr/lib/gcc/aarch64-linux-gnu/5/../../..] ==> dir [/usr/lib/gcc/aarch64-linux-gnu/5/../../..]
    arg [CMakeFiles/cmTC_8a796.dir/CMakeCXXCompilerABI.cpp.o] ==> ignore
    arg [-lstdc++] ==> lib [stdc++]
    arg [-lm] ==> lib [m]
    arg [-lgcc_s] ==> lib [gcc_s]
    arg [-lgcc] ==> lib [gcc]
    arg [-lc] ==> lib [c]
    arg [-lgcc_s] ==> lib [gcc_s]
    arg [-lgcc] ==> lib [gcc]
    arg [/usr/lib/gcc/aarch64-linux-gnu/5/crtend.o] ==> ignore
    arg [/usr/lib/gcc/aarch64-linux-gnu/5/../../../aarch64-linux-gnu/crtn.o] ==> ignore
  remove lib [gcc_s]
  remove lib [gcc]
  remove lib [gcc_s]
  remove lib [gcc]
  collapse library dir [/usr/lib/gcc/aarch64-linux-gnu/5] ==> [/usr/lib/gcc/aarch64-linux-gnu/5]
  collapse library dir [/usr/lib/gcc/aarch64-linux-gnu/5/../../../aarch64-linux-gnu] ==> [/usr/lib/aarch64-linux-gnu]
  collapse library dir [/usr/lib/gcc/aarch64-linux-gnu/5/../../../../lib] ==> [/usr/lib]
  collapse library dir [/lib/aarch64-linux-gnu] ==> [/lib/aarch64-linux-gnu]
  collapse library dir [/lib/../lib] ==> [/lib]
  collapse library dir [/usr/lib/aarch64-linux-gnu] ==> [/usr/lib/aarch64-linux-gnu]
  collapse library dir [/usr/lib/../lib] ==> [/usr/lib]
  collapse library dir [/usr/lib/gcc/aarch64-linux-gnu/5/../../..] ==> [/usr/lib]
  implicit libs: [stdc++;m;c]
  implicit dirs: [/usr/lib/gcc/aarch64-linux-gnu/5;/usr/lib/aarch64-linux-gnu;/usr/lib;/lib/aarch64-linux-gnu;/lib]
  implicit fwks: []




Detecting CXX [-std=c++14] compiler features compiled with the following output:
Change Dir: /home/nvidia/axolotl/navit-build/CMakeFiles/CMakeTmp

Run Build Command:"/usr/bin/make" "cmTC_a6ea4/fast"
/usr/bin/make -f CMakeFiles/cmTC_a6ea4.dir/build.make CMakeFiles/cmTC_a6ea4.dir/build
make[1]: Entering directory '/home/nvidia/axolotl/navit-build/CMakeFiles/CMakeTmp'
Building CXX object CMakeFiles/cmTC_a6ea4.dir/feature_tests.cxx.o
/usr/bin/c++     -std=c++14 -o CMakeFiles/cmTC_a6ea4.dir/feature_tests.cxx.o -c /home/nvidia/axolotl/navit-build/CMakeFiles/feature_tests.cxx
Linking CXX executable cmTC_a6ea4
/usr/bin/cmake -E cmake_link_script CMakeFiles/cmTC_a6ea4.dir/link.txt --verbose=1
/usr/bin/c++        CMakeFiles/cmTC_a6ea4.dir/feature_tests.cxx.o  -o cmTC_a6ea4 -rdynamic 
make[1]: Leaving directory '/home/nvidia/axolotl/navit-build/CMakeFiles/CMakeTmp'


    Feature record: CXX_FEATURE:1cxx_aggregate_default_initializers
    Feature record: CXX_FEATURE:1cxx_alias_templates
    Feature record: CXX_FEATURE:1cxx_alignas
    Feature record: CXX_FEATURE:1cxx_alignof
    Feature record: CXX_FEATURE:1cxx_attributes
    Feature record: CXX_FEATURE:1cxx_attribute_deprecated
    Feature record: CXX_FEATURE:1cxx_auto_type
    Feature record: CXX_FEATURE:1cxx_binary_literals
    Feature record: CXX_FEATURE:1cxx_constexpr
    Feature record: CXX_FEATURE:1cxx_contextual_conversions
    Feature record: CXX_FEATURE:1cxx_decltype
    Feature record: CXX_FEATURE:1cxx_decltype_auto
    Feature record: CXX_FEATURE:1cxx_decltype_incomplete_return_types
    Feature record: CXX_FEATURE:1cxx_default_function_template_args
    Feature record: CXX_FEATURE:1cxx_defaulted_functions
    Feature record: CXX_FEATURE:1cxx_defaulted_move_initializers
    Feature record: CXX_FEATURE:1cxx_delegating_constructors
    Feature record: CXX_FEATURE:1cxx_deleted_functions
    Feature record: CXX_FEATURE:1cxx_digit_separators
    Feature record: CXX_FEATURE:1cxx_enum_forward_declarations
    Feature record: CXX_FEATURE:1cxx_explicit_conversions
    Feature record: CXX_FEATURE:1cxx_extended_friend_declarations
    Feature record: CXX_FEATURE:1cxx_extern_templates
    Feature record: CXX_FEATURE:1cxx_final
    Feature record: CXX_FEATURE:1cxx_func_identifier
    Feature record: CXX_FEATURE:1cxx_generalized_initializers
    Feature record: CXX_FEATURE:1cxx_generic_lambdas
    Feature record: CXX_FEATURE:1cxx_inheriting_constructors
    Feature record: CXX_FEATURE:1cxx_inline_namespaces
    Feature record: CXX_FEATURE:1cxx_lambdas
    Feature record: CXX_FEATURE:1cxx_lambda_init_captures
    Feature record: CXX_FEATURE:1cxx_local_type_template_args
    Feature record: CXX_FEATURE:1cxx_long_long_type
    Feature record: CXX_FEATURE:1cxx_noexcept
    Feature record: CXX_FEATURE:1cxx_nonstatic_member_init
    Feature record: CXX_FEATURE:1cxx_nullptr
    Feature record: CXX_FEATURE:1cxx_override
    Feature record: CXX_FEATURE:1cxx_range_for
    Feature record: CXX_FEATURE:1cxx_raw_string_literals
    Feature record: CXX_FEATURE:1cxx_reference_qualified_functions
    Feature record: CXX_FEATURE:1cxx_relaxed_constexpr
    Feature record: CXX_FEATURE:1cxx_return_type_deduction
    Feature record: CXX_FEATURE:1cxx_right_angle_brackets
    Feature record: CXX_FEATURE:1cxx_rvalue_references
    Feature record: CXX_FEATURE:1cxx_sizeof_member
    Feature record: CXX_FEATURE:1cxx_static_assert
    Feature record: CXX_FEATURE:1cxx_strong_enums
    Feature record: CXX_FEATURE:1cxx_template_template_parameters
    Feature record: CXX_FEATURE:1cxx_thread_local
    Feature record: CXX_FEATURE:1cxx_trailing_return_types
    Feature record: CXX_FEATURE:1cxx_unicode_literals
    Feature record: CXX_FEATURE:1cxx_uniform_initialization
    Feature record: CXX_FEATURE:1cxx_unrestricted_unions
    Feature record: CXX_FEATURE:1cxx_user_literals
    Feature record: CXX_FEATURE:1cxx_variable_templates
    Feature record: CXX_FEATURE:1cxx_variadic_macros
    Feature record: CXX_FEATURE:1cxx_variadic_templates


Detecting CXX [-std=c++11] compiler features compiled with the following output:
Change Dir: /home/nvidia/axolotl/navit-build/CMakeFiles/CMakeTmp

Run Build Command:"/usr/bin/make" "cmTC_04b29/fast"
/usr/bin/make -f CMakeFiles/cmTC_04b29.dir/build.make CMakeFiles/cmTC_04b29.dir/build
make[1]: Entering directory '/home/nvidia/axolotl/navit-build/CMakeFiles/CMakeTmp'
Building CXX object CMakeFiles/cmTC_04b29.dir/feature_tests.cxx.o
/usr/bin/c++     -std=c++11 -o CMakeFiles/cmTC_04b29.dir/feature_tests.cxx.o -c /home/nvidia/axolotl/navit-build/CMakeFiles/feature_tests.cxx
Linking CXX executable cmTC_04b29
/usr/bin/cmake -E cmake_link_script CMakeFiles/cmTC_04b29.dir/link.txt --verbose=1
/usr/bin/c++        CMakeFiles/cmTC_04b29.dir/feature_tests.cxx.o  -o cmTC_04b29 -rdynamic 
make[1]: Leaving directory '/home/nvidia/axolotl/navit-build/CMakeFiles/CMakeTmp'


    Feature record: CXX_FEATURE:0cxx_aggregate_default_initializers
    Feature record: CXX_FEATURE:1cxx_alias_templates
    Feature record: CXX_FEATURE:1cxx_alignas
    Feature record: CXX_FEATURE:1cxx_alignof
    Feature record: CXX_FEATURE:1cxx_attributes
    Feature record: CXX_FEATURE:0cxx_attribute_deprecated
    Feature record: CXX_FEATURE:1cxx_auto_type
    Feature record: CXX_FEATURE:0cxx_binary_literals
    Feature record: CXX_FEATURE:1cxx_constexpr
    Feature record: CXX_FEATURE:0cxx_contextual_conversions
    Feature record: CXX_FEATURE:1cxx_decltype
    Feature record: CXX_FEATURE:0cxx_decltype_auto
    Feature record: CXX_FEATURE:1cxx_decltype_incomplete_return_types
    Feature record: CXX_FEATURE:1cxx_default_function_template_args
    Feature record: CXX_FEATURE:1cxx_defaulted_functions
    Feature record: CXX_FEATURE:1cxx_defaulted_move_initializers
    Feature record: CXX_FEATURE:1cxx_delegating_constructors
    Feature record: CXX_FEATURE:1cxx_deleted_functions
    Feature record: CXX_FEATURE:0cxx_digit_separators
    Feature record: CXX_FEATURE:1cxx_enum_forward_declarations
    Feature record: CXX_FEATURE:1cxx_explicit_conversions
    Feature record: CXX_FEATURE:1cxx_extended_friend_declarations
    Feature record: CXX_FEATURE:1cxx_extern_templates
    Feature record: CXX_FEATURE:1cxx_final
    Feature record: CXX_FEATURE:1cxx_func_identifier
    Feature record: CXX_FEATURE:1cxx_generalized_initializers
    Feature record: CXX_FEATURE:0cxx_generic_lambdas
    Feature record: CXX_FEATURE:1cxx_inheriting_constructors
    Feature record: CXX_FEATURE:1cxx_inline_namespaces
    Feature record: CXX_FEATURE:1cxx_lambdas
    Feature record: CXX_FEATURE:0cxx_lambda_init_captures
    Feature record: CXX_FEATURE:1cxx_local_type_template_args
    Feature record: CXX_FEATURE:1cxx_long_long_type
    Feature record: CXX_FEATURE:1cxx_noexcept
    Feature record: CXX_FEATURE:1cxx_nonstatic_member_init
    Feature record: CXX_FEATURE:1cxx_nullptr
    Feature record: CXX_FEATURE:1cxx_override
    Feature record: CXX_FEATURE:1cxx_range_for
    Feature record: CXX_FEATURE:1cxx_raw_string_literals
    Feature record: CXX_FEATURE:1cxx_reference_qualified_functions
    Feature record: CXX_FEATURE:0cxx_relaxed_constexpr
    Feature record: CXX_FEATURE:0cxx_return_type_deduction
    Feature record: CXX_FEATURE:1cxx_right_angle_brackets
    Feature record: CXX_FEATURE:1cxx_rvalue_references
    Feature record: CXX_FEATURE:1cxx_sizeof_member
    Feature record: CXX_FEATURE:1cxx_static_assert
    Feature record: CXX_FEATURE:1cxx_strong_enums
    Feature record: CXX_FEATURE:1cxx_template_template_parameters
    Feature record: CXX_FEATURE:1cxx_thread_local
    Feature record: CXX_FEATURE:1cxx_trailing_return_types
    Feature record: CXX_FEATURE:1cxx_unicode_literals
    Feature record: CXX_FEATURE:1cxx_uniform_initialization
    Feature record: CXX_FEATURE:1cxx_unrestricted_unions
    Feature record: CXX_FEATURE:1cxx_user_literals
    Feature record: CXX_FEATURE:0cxx_variable_templates
    Feature record: CXX_FEATURE:1cxx_variadic_macros
    Feature record: CXX_FEATURE:1cxx_variadic_templates


Detecting CXX [-std=c++98] compiler features compiled with the following output:
Change Dir: /home/nvidia/axolotl/navit-build/CMakeFiles/CMakeTmp

Run Build Command:"/usr/bin/make" "cmTC_f0623/fast"
/usr/bin/make -f CMakeFiles/cmTC_f0623.dir/build.make CMakeFiles/cmTC_f0623.dir/build
make[1]: Entering directory '/home/nvidia/axolotl/navit-build/CMakeFiles/CMakeTmp'
Building CXX object CMakeFiles/cmTC_f0623.dir/feature_tests.cxx.o
/usr/bin/c++     -std=c++98 -o CMakeFiles/cmTC_f0623.dir/feature_tests.cxx.o -c /home/nvidia/axolotl/navit-build/CMakeFiles/feature_tests.cxx
Linking CXX executable cmTC_f0623
/usr/bin/cmake -E cmake_link_script CMakeFiles/cmTC_f0623.dir/link.txt --verbose=1
/usr/bin/c++        CMakeFiles/cmTC_f0623.dir/feature_tests.cxx.o  -o cmTC_f0623 -rdynamic 
make[1]: Leaving directory '/home/nvidia/axolotl/navit-build/CMakeFiles/CMakeTmp'


    Feature record: CXX_FEATURE:0cxx_aggregate_default_initializers
    Feature record: CXX_FEATURE:0cxx_alias_templates
    Feature record: CXX_FEATURE:0cxx_alignas
    Feature record: CXX_FEATURE:0cxx_alignof
    Feature record: CXX_FEATURE:0cxx_attributes
    Feature record: CXX_FEATURE:0cxx_attribute_deprecated
    Feature record: CXX_FEATURE:0cxx_auto_type
    Feature record: CXX_FEATURE:0cxx_binary_literals
    Feature record: CXX_FEATURE:0cxx_constexpr
    Feature record: CXX_FEATURE:0cxx_contextual_conversions
    Feature record: CXX_FEATURE:0cxx_decltype
    Feature record: CXX_FEATURE:0cxx_decltype_auto
    Feature record: CXX_FEATURE:0cxx_decltype_incomplete_return_types
    Feature record: CXX_FEATURE:0cxx_default_function_template_args
    Feature record: CXX_FEATURE:0cxx_defaulted_functions
    Feature record: CXX_FEATURE:0cxx_defaulted_move_initializers
    Feature record: CXX_FEATURE:0cxx_delegating_constructors
    Feature record: CXX_FEATURE:0cxx_deleted_functions
    Feature record: CXX_FEATURE:0cxx_digit_separators
    Feature record: CXX_FEATURE:0cxx_enum_forward_declarations
    Feature record: CXX_FEATURE:0cxx_explicit_conversions
    Feature record: CXX_FEATURE:0cxx_extended_friend_declarations
    Feature record: CXX_FEATURE:0cxx_extern_templates
    Feature record: CXX_FEATURE:0cxx_final
    Feature record: CXX_FEATURE:0cxx_func_identifier
    Feature record: CXX_FEATURE:0cxx_generalized_initializers
    Feature record: CXX_FEATURE:0cxx_generic_lambdas
    Feature record: CXX_FEATURE:0cxx_inheriting_constructors
    Feature record: CXX_FEATURE:0cxx_inline_namespaces
    Feature record: CXX_FEATURE:0cxx_lambdas
    Feature record: CXX_FEATURE:0cxx_lambda_init_captures
    Feature record: CXX_FEATURE:0cxx_local_type_template_args
    Feature record: CXX_FEATURE:0cxx_long_long_type
    Feature record: CXX_FEATURE:0cxx_noexcept
    Feature record: CXX_FEATURE:0cxx_nonstatic_member_init
    Feature record: CXX_FEATURE:0cxx_nullptr
    Feature record: CXX_FEATURE:0cxx_override
    Feature record: CXX_FEATURE:0cxx_range_for
    Feature record: CXX_FEATURE:0cxx_raw_string_literals
    Feature record: CXX_FEATURE:0cxx_reference_qualified_functions
    Feature record: CXX_FEATURE:0cxx_relaxed_constexpr
    Feature record: CXX_FEATURE:0cxx_return_type_deduction
    Feature record: CXX_FEATURE:0cxx_right_angle_brackets
    Feature record: CXX_FEATURE:0cxx_rvalue_references
    Feature record: CXX_FEATURE:0cxx_sizeof_member
    Feature record: CXX_FEATURE:0cxx_static_assert
    Feature record: CXX_FEATURE:0cxx_strong_enums
    Feature record: CXX_FEATURE:1cxx_template_template_parameters
    Feature record: CXX_FEATURE:0cxx_thread_local
    Feature record: CXX_FEATURE:0cxx_trailing_return_types
    Feature record: CXX_FEATURE:0cxx_unicode_literals
    Feature record: CXX_FEATURE:0cxx_uniform_initialization
    Feature record: CXX_FEATURE:0cxx_unrestricted_unions
    Feature record: CXX_FEATURE:0cxx_user_literals
    Feature record: CXX_FEATURE:0cxx_variable_templates
    Feature record: CXX_FEATURE:0cxx_variadic_macros
    Feature record: CXX_FEATURE:0cxx_variadic_templates
Determining if the include file pthread.h exists passed with the following output:
Change Dir: /home/nvidia/axolotl/navit-build/CMakeFiles/CMakeTmp

Run Build Command:"/usr/bin/make" "cmTC_a1f89/fast"
/usr/bin/make -f CMakeFiles/cmTC_a1f89.dir/build.make CMakeFiles/cmTC_a1f89.dir/build
make[1]: Entering directory '/home/nvidia/axolotl/navit-build/CMakeFiles/CMakeTmp'
Building C object CMakeFiles/cmTC_a1f89.dir/CheckIncludeFile.c.o
/usr/bin/cc     -o CMakeFiles/cmTC_a1f89.dir/CheckIncludeFile.c.o   -c /home/nvidia/axolotl/navit-build/CMakeFiles/CMakeTmp/CheckIncludeFile.c
Linking C executable cmTC_a1f89
/usr/bin/cmake -E cmake_link_script CMakeFiles/cmTC_a1f89.dir/link.txt --verbose=1
/usr/bin/cc       CMakeFiles/cmTC_a1f89.dir/CheckIncludeFile.c.o  -o cmTC_a1f89 -rdynamic 
make[1]: Leaving directory '/home/nvidia/axolotl/navit-build/CMakeFiles/CMakeTmp'


Determining if the function pthread_create exists in the pthread passed with the following output:
Change Dir: /home/nvidia/axolotl/navit-build/CMakeFiles/CMakeTmp

Run Build Command:"/usr/bin/make" "cmTC_531e0/fast"
/usr/bin/make -f CMakeFiles/cmTC_531e0.dir/build.make CMakeFiles/cmTC_531e0.dir/build
make[1]: Entering directory '/home/nvidia/axolotl/navit-build/CMakeFiles/CMakeTmp'
Building C object CMakeFiles/cmTC_531e0.dir/CheckFunctionExists.c.o
/usr/bin/cc    -DCHECK_FUNCTION_EXISTS=pthread_create   -o CMakeFiles/cmTC_531e0.dir/CheckFunctionExists.c.o   -c /usr/share/cmake-3.5/Modules/CheckFunctionExists.c
Linking C executable cmTC_531e0
/usr/bin/cmake -E cmake_link_script CMakeFiles/cmTC_531e0.dir/link.txt --verbose=1
/usr/bin/cc   -DCHECK_FUNCTION_EXISTS=pthread_create    CMakeFiles/cmTC_531e0.dir/CheckFunctionExists.c.o  -o cmTC_531e0 -rdynamic -lpthread 
make[1]: Leaving directory '/home/nvidia/axolotl/navit-build/CMakeFiles/CMakeTmp'


Determining if files wordexp.h exist passed with the following output:
Change Dir: /home/nvidia/axolotl/navit-build/CMakeFiles/CMakeTmp

Run Build Command:"/usr/bin/make" "cmTC_8959a/fast"
/usr/bin/make -f CMakeFiles/cmTC_8959a.dir/build.make CMakeFiles/cmTC_8959a.dir/build
make[1]: Entering directory '/home/nvidia/axolotl/navit-build/CMakeFiles/CMakeTmp'
Building C object CMakeFiles/cmTC_8959a.dir/CheckIncludeFiles.c.o
/usr/bin/cc     -o CMakeFiles/cmTC_8959a.dir/CheckIncludeFiles.c.o   -c /home/nvidia/axolotl/navit-build/CMakeFiles/CMakeTmp/CheckIncludeFiles.c
Linking C executable cmTC_8959a
/usr/bin/cmake -E cmake_link_script CMakeFiles/cmTC_8959a.dir/link.txt --verbose=1
/usr/bin/cc       CMakeFiles/cmTC_8959a.dir/CheckIncludeFiles.c.o  -o cmTC_8959a -rdynamic 
make[1]: Leaving directory '/home/nvidia/axolotl/navit-build/CMakeFiles/CMakeTmp'


Determining if files endian.h exist passed with the following output:
Change Dir: /home/nvidia/axolotl/navit-build/CMakeFiles/CMakeTmp

Run Build Command:"/usr/bin/make" "cmTC_9c1f2/fast"
/usr/bin/make -f CMakeFiles/cmTC_9c1f2.dir/build.make CMakeFiles/cmTC_9c1f2.dir/build
make[1]: Entering directory '/home/nvidia/axolotl/navit-build/CMakeFiles/CMakeTmp'
Building C object CMakeFiles/cmTC_9c1f2.dir/CheckIncludeFiles.c.o
/usr/bin/cc     -o CMakeFiles/cmTC_9c1f2.dir/CheckIncludeFiles.c.o   -c /home/nvidia/axolotl/navit-build/CMakeFiles/CMakeTmp/CheckIncludeFiles.c
Linking C executable cmTC_9c1f2
/usr/bin/cmake -E cmake_link_script CMakeFiles/cmTC_9c1f2.dir/link.txt --verbose=1
/usr/bin/cc       CMakeFiles/cmTC_9c1f2.dir/CheckIncludeFiles.c.o  -o cmTC_9c1f2 -rdynamic 
make[1]: Leaving directory '/home/nvidia/axolotl/navit-build/CMakeFiles/CMakeTmp'


Determining if files stdint.h exist passed with the following output:
Change Dir: /home/nvidia/axolotl/navit-build/CMakeFiles/CMakeTmp

Run Build Command:"/usr/bin/make" "cmTC_a1251/fast"
/usr/bin/make -f CMakeFiles/cmTC_a1251.dir/build.make CMakeFiles/cmTC_a1251.dir/build
make[1]: Entering directory '/home/nvidia/axolotl/navit-build/CMakeFiles/CMakeTmp'
Building C object CMakeFiles/cmTC_a1251.dir/CheckIncludeFiles.c.o
/usr/bin/cc     -o CMakeFiles/cmTC_a1251.dir/CheckIncludeFiles.c.o   -c /home/nvidia/axolotl/navit-build/CMakeFiles/CMakeTmp/CheckIncludeFiles.c
Linking C executable cmTC_a1251
/usr/bin/cmake -E cmake_link_script CMakeFiles/cmTC_a1251.dir/link.txt --verbose=1
/usr/bin/cc       CMakeFiles/cmTC_a1251.dir/CheckIncludeFiles.c.o  -o cmTC_a1251 -rdynamic 
make[1]: Leaving directory '/home/nvidia/axolotl/navit-build/CMakeFiles/CMakeTmp'


Determining if files byteswap.h exist passed with the following output:
Change Dir: /home/nvidia/axolotl/navit-build/CMakeFiles/CMakeTmp

Run Build Command:"/usr/bin/make" "cmTC_cd3f0/fast"
/usr/bin/make -f CMakeFiles/cmTC_cd3f0.dir/build.make CMakeFiles/cmTC_cd3f0.dir/build
make[1]: Entering directory '/home/nvidia/axolotl/navit-build/CMakeFiles/CMakeTmp'
Building C object CMakeFiles/cmTC_cd3f0.dir/CheckIncludeFiles.c.o
/usr/bin/cc     -o CMakeFiles/cmTC_cd3f0.dir/CheckIncludeFiles.c.o   -c /home/nvidia/axolotl/navit-build/CMakeFiles/CMakeTmp/CheckIncludeFiles.c
Linking C executable cmTC_cd3f0
/usr/bin/cmake -E cmake_link_script CMakeFiles/cmTC_cd3f0.dir/link.txt --verbose=1
/usr/bin/cc       CMakeFiles/cmTC_cd3f0.dir/CheckIncludeFiles.c.o  -o cmTC_cd3f0 -rdynamic 
make[1]: Leaving directory '/home/nvidia/axolotl/navit-build/CMakeFiles/CMakeTmp'


Determining if files sys/socket.h exist passed with the following output:
Change Dir: /home/nvidia/axolotl/navit-build/CMakeFiles/CMakeTmp

Run Build Command:"/usr/bin/make" "cmTC_d9490/fast"
/usr/bin/make -f CMakeFiles/cmTC_d9490.dir/build.make CMakeFiles/cmTC_d9490.dir/build
make[1]: Entering directory '/home/nvidia/axolotl/navit-build/CMakeFiles/CMakeTmp'
Building C object CMakeFiles/cmTC_d9490.dir/CheckIncludeFiles.c.o
/usr/bin/cc     -o CMakeFiles/cmTC_d9490.dir/CheckIncludeFiles.c.o   -c /home/nvidia/axolotl/navit-build/CMakeFiles/CMakeTmp/CheckIncludeFiles.c
Linking C executable cmTC_d9490
/usr/bin/cmake -E cmake_link_script CMakeFiles/cmTC_d9490.dir/link.txt --verbose=1
/usr/bin/cc       CMakeFiles/cmTC_d9490.dir/CheckIncludeFiles.c.o  -o cmTC_d9490 -rdynamic 
make[1]: Leaving directory '/home/nvidia/axolotl/navit-build/CMakeFiles/CMakeTmp'


Determining if files sys/shm.h exist passed with the following output:
Change Dir: /home/nvidia/axolotl/navit-build/CMakeFiles/CMakeTmp

Run Build Command:"/usr/bin/make" "cmTC_8e63c/fast"
/usr/bin/make -f CMakeFiles/cmTC_8e63c.dir/build.make CMakeFiles/cmTC_8e63c.dir/build
make[1]: Entering directory '/home/nvidia/axolotl/navit-build/CMakeFiles/CMakeTmp'
Building C object CMakeFiles/cmTC_8e63c.dir/CheckIncludeFiles.c.o
/usr/bin/cc     -o CMakeFiles/cmTC_8e63c.dir/CheckIncludeFiles.c.o   -c /home/nvidia/axolotl/navit-build/CMakeFiles/CMakeTmp/CheckIncludeFiles.c
Linking C executable cmTC_8e63c
/usr/bin/cmake -E cmake_link_script CMakeFiles/cmTC_8e63c.dir/link.txt --verbose=1
/usr/bin/cc       CMakeFiles/cmTC_8e63c.dir/CheckIncludeFiles.c.o  -o cmTC_8e63c -rdynamic 
make[1]: Leaving directory '/home/nvidia/axolotl/navit-build/CMakeFiles/CMakeTmp'


Determining if the function snprintf exists passed with the following output:
Change Dir: /home/nvidia/axolotl/navit-build/CMakeFiles/CMakeTmp

Run Build Command:"/usr/bin/make" "cmTC_961fa/fast"
/usr/bin/make -f CMakeFiles/cmTC_961fa.dir/build.make CMakeFiles/cmTC_961fa.dir/build
make[1]: Entering directory '/home/nvidia/axolotl/navit-build/CMakeFiles/CMakeTmp'
Building C object CMakeFiles/cmTC_961fa.dir/CheckFunctionExists.c.o
/usr/bin/cc    -DCHECK_FUNCTION_EXISTS=snprintf   -o CMakeFiles/cmTC_961fa.dir/CheckFunctionExists.c.o   -c /usr/share/cmake-3.5/Modules/CheckFunctionExists.c
<command-line>:0:23: warning: conflicting types for built-in function ‘snprintf’
/usr/share/cmake-3.5/Modules/CheckFunctionExists.c:6:6: note: in expansion of macro ‘CHECK_FUNCTION_EXISTS’
 char CHECK_FUNCTION_EXISTS();
      ^
Linking C executable cmTC_961fa
/usr/bin/cmake -E cmake_link_script CMakeFiles/cmTC_961fa.dir/link.txt --verbose=1
/usr/bin/cc   -DCHECK_FUNCTION_EXISTS=snprintf    CMakeFiles/cmTC_961fa.dir/CheckFunctionExists.c.o  -o cmTC_961fa -rdynamic 
make[1]: Leaving directory '/home/nvidia/axolotl/navit-build/CMakeFiles/CMakeTmp'


Determining if files locale.h exist passed with the following output:
Change Dir: /home/nvidia/axolotl/navit-build/CMakeFiles/CMakeTmp

Run Build Command:"/usr/bin/make" "cmTC_d6431/fast"
/usr/bin/make -f CMakeFiles/cmTC_d6431.dir/build.make CMakeFiles/cmTC_d6431.dir/build
make[1]: Entering directory '/home/nvidia/axolotl/navit-build/CMakeFiles/CMakeTmp'
Building C object CMakeFiles/cmTC_d6431.dir/CheckIncludeFiles.c.o
/usr/bin/cc     -o CMakeFiles/cmTC_d6431.dir/CheckIncludeFiles.c.o   -c /home/nvidia/axolotl/navit-build/CMakeFiles/CMakeTmp/CheckIncludeFiles.c
Linking C executable cmTC_d6431
/usr/bin/cmake -E cmake_link_script CMakeFiles/cmTC_d6431.dir/link.txt --verbose=1
/usr/bin/cc       CMakeFiles/cmTC_d6431.dir/CheckIncludeFiles.c.o  -o cmTC_d6431 -rdynamic 
make[1]: Leaving directory '/home/nvidia/axolotl/navit-build/CMakeFiles/CMakeTmp'


Determining if files libintl.h exist passed with the following output:
Change Dir: /home/nvidia/axolotl/navit-build/CMakeFiles/CMakeTmp

Run Build Command:"/usr/bin/make" "cmTC_adb29/fast"
/usr/bin/make -f CMakeFiles/cmTC_adb29.dir/build.make CMakeFiles/cmTC_adb29.dir/build
make[1]: Entering directory '/home/nvidia/axolotl/navit-build/CMakeFiles/CMakeTmp'
Building C object CMakeFiles/cmTC_adb29.dir/CheckIncludeFiles.c.o
/usr/bin/cc     -o CMakeFiles/cmTC_adb29.dir/CheckIncludeFiles.c.o   -c /home/nvidia/axolotl/navit-build/CMakeFiles/CMakeTmp/CheckIncludeFiles.c
Linking C executable cmTC_adb29
/usr/bin/cmake -E cmake_link_script CMakeFiles/cmTC_adb29.dir/link.txt --verbose=1
/usr/bin/cc       CMakeFiles/cmTC_adb29.dir/CheckIncludeFiles.c.o  -o cmTC_adb29 -rdynamic 
make[1]: Leaving directory '/home/nvidia/axolotl/navit-build/CMakeFiles/CMakeTmp'


Determining if files sys/time.h exist passed with the following output:
Change Dir: /home/nvidia/axolotl/navit-build/CMakeFiles/CMakeTmp

Run Build Command:"/usr/bin/make" "cmTC_357b1/fast"
/usr/bin/make -f CMakeFiles/cmTC_357b1.dir/build.make CMakeFiles/cmTC_357b1.dir/build
make[1]: Entering directory '/home/nvidia/axolotl/navit-build/CMakeFiles/CMakeTmp'
Building C object CMakeFiles/cmTC_357b1.dir/CheckIncludeFiles.c.o
/usr/bin/cc     -o CMakeFiles/cmTC_357b1.dir/CheckIncludeFiles.c.o   -c /home/nvidia/axolotl/navit-build/CMakeFiles/CMakeTmp/CheckIncludeFiles.c
Linking C executable cmTC_357b1
/usr/bin/cmake -E cmake_link_script CMakeFiles/cmTC_357b1.dir/link.txt --verbose=1
/usr/bin/cc       CMakeFiles/cmTC_357b1.dir/CheckIncludeFiles.c.o  -o cmTC_357b1 -rdynamic 
make[1]: Leaving directory '/home/nvidia/axolotl/navit-build/CMakeFiles/CMakeTmp'


Determining if files getopt.h exist passed with the following output:
Change Dir: /home/nvidia/axolotl/navit-build/CMakeFiles/CMakeTmp

Run Build Command:"/usr/bin/make" "cmTC_50cbb/fast"
/usr/bin/make -f CMakeFiles/cmTC_50cbb.dir/build.make CMakeFiles/cmTC_50cbb.dir/build
make[1]: Entering directory '/home/nvidia/axolotl/navit-build/CMakeFiles/CMakeTmp'
Building C object CMakeFiles/cmTC_50cbb.dir/CheckIncludeFiles.c.o
/usr/bin/cc     -o CMakeFiles/cmTC_50cbb.dir/CheckIncludeFiles.c.o   -c /home/nvidia/axolotl/navit-build/CMakeFiles/CMakeTmp/CheckIncludeFiles.c
Linking C executable cmTC_50cbb
/usr/bin/cmake -E cmake_link_script CMakeFiles/cmTC_50cbb.dir/link.txt --verbose=1
/usr/bin/cc       CMakeFiles/cmTC_50cbb.dir/CheckIncludeFiles.c.o  -o cmTC_50cbb -rdynamic 
make[1]: Leaving directory '/home/nvidia/axolotl/navit-build/CMakeFiles/CMakeTmp'


Determining if files string.h exist passed with the following output:
Change Dir: /home/nvidia/axolotl/navit-build/CMakeFiles/CMakeTmp

Run Build Command:"/usr/bin/make" "cmTC_5ad49/fast"
/usr/bin/make -f CMakeFiles/cmTC_5ad49.dir/build.make CMakeFiles/cmTC_5ad49.dir/build
make[1]: Entering directory '/home/nvidia/axolotl/navit-build/CMakeFiles/CMakeTmp'
Building C object CMakeFiles/cmTC_5ad49.dir/CheckIncludeFiles.c.o
/usr/bin/cc     -o CMakeFiles/cmTC_5ad49.dir/CheckIncludeFiles.c.o   -c /home/nvidia/axolotl/navit-build/CMakeFiles/CMakeTmp/CheckIncludeFiles.c
Linking C executable cmTC_5ad49
/usr/bin/cmake -E cmake_link_script CMakeFiles/cmTC_5ad49.dir/link.txt --verbose=1
/usr/bin/cc       CMakeFiles/cmTC_5ad49.dir/CheckIncludeFiles.c.o  -o cmTC_5ad49 -rdynamic 
make[1]: Leaving directory '/home/nvidia/axolotl/navit-build/CMakeFiles/CMakeTmp'


Determining if the function gettimeofday exists passed with the following output:
Change Dir: /home/nvidia/axolotl/navit-build/CMakeFiles/CMakeTmp

Run Build Command:"/usr/bin/make" "cmTC_ec9a1/fast"
/usr/bin/make -f CMakeFiles/cmTC_ec9a1.dir/build.make CMakeFiles/cmTC_ec9a1.dir/build
make[1]: Entering directory '/home/nvidia/axolotl/navit-build/CMakeFiles/CMakeTmp'
Building C object CMakeFiles/cmTC_ec9a1.dir/CheckFunctionExists.c.o
/usr/bin/cc    -DCHECK_FUNCTION_EXISTS=gettimeofday   -o CMakeFiles/cmTC_ec9a1.dir/CheckFunctionExists.c.o   -c /usr/share/cmake-3.5/Modules/CheckFunctionExists.c
Linking C executable cmTC_ec9a1
/usr/bin/cmake -E cmake_link_script CMakeFiles/cmTC_ec9a1.dir/link.txt --verbose=1
/usr/bin/cc   -DCHECK_FUNCTION_EXISTS=gettimeofday    CMakeFiles/cmTC_ec9a1.dir/CheckFunctionExists.c.o  -o cmTC_ec9a1 -rdynamic 
make[1]: Leaving directory '/home/nvidia/axolotl/navit-build/CMakeFiles/CMakeTmp'


Determining if the system exist passed with the following output:
Change Dir: /home/nvidia/axolotl/navit-build/CMakeFiles/CMakeTmp

Run Build Command:"/usr/bin/make" "cmTC_bc83a/fast"
/usr/bin/make -f CMakeFiles/cmTC_bc83a.dir/build.make CMakeFiles/cmTC_bc83a.dir/build
make[1]: Entering directory '/home/nvidia/axolotl/navit-build/CMakeFiles/CMakeTmp'
Building C object CMakeFiles/cmTC_bc83a.dir/CheckSymbolExists.c.o
/usr/bin/cc     -o CMakeFiles/cmTC_bc83a.dir/CheckSymbolExists.c.o   -c /home/nvidia/axolotl/navit-build/CMakeFiles/CMakeTmp/CheckSymbolExists.c
Linking C executable cmTC_bc83a
/usr/bin/cmake -E cmake_link_script CMakeFiles/cmTC_bc83a.dir/link.txt --verbose=1
/usr/bin/cc       CMakeFiles/cmTC_bc83a.dir/CheckSymbolExists.c.o  -o cmTC_bc83a -rdynamic 
make[1]: Leaving directory '/home/nvidia/axolotl/navit-build/CMakeFiles/CMakeTmp'

File /home/nvidia/axolotl/navit-build/CMakeFiles/CMakeTmp/CheckSymbolExists.c:
/* */
#include <stdlib.h>

int main(int argc, char** argv)
{
  (void)argv;
#ifndef system
  return ((int*)(&system))[argc];
#else
  (void)argc;
  return 0;
#endif
}

Determining if the stpcpy exist passed with the following output:
Change Dir: /home/nvidia/axolotl/navit-build/CMakeFiles/CMakeTmp

Run Build Command:"/usr/bin/make" "cmTC_7902e/fast"
/usr/bin/make -f CMakeFiles/cmTC_7902e.dir/build.make CMakeFiles/cmTC_7902e.dir/build
make[1]: Entering directory '/home/nvidia/axolotl/navit-build/CMakeFiles/CMakeTmp'
Building C object CMakeFiles/cmTC_7902e.dir/CheckSymbolExists.c.o
/usr/bin/cc     -o CMakeFiles/cmTC_7902e.dir/CheckSymbolExists.c.o   -c /home/nvidia/axolotl/navit-build/CMakeFiles/CMakeTmp/CheckSymbolExists.c
Linking C executable cmTC_7902e
/usr/bin/cmake -E cmake_link_script CMakeFiles/cmTC_7902e.dir/link.txt --verbose=1
/usr/bin/cc       CMakeFiles/cmTC_7902e.dir/CheckSymbolExists.c.o  -o cmTC_7902e -rdynamic 
make[1]: Leaving directory '/home/nvidia/axolotl/navit-build/CMakeFiles/CMakeTmp'

File /home/nvidia/axolotl/navit-build/CMakeFiles/CMakeTmp/CheckSymbolExists.c:
/* */
#include <string.h>

int main(int argc, char** argv)
{
  (void)argv;
#ifndef stpcpy
  return ((int*)(&stpcpy))[argc];
#else
  (void)argc;
  return 0;
#endif
}

Determining if the function sbrk exists passed with the following output:
Change Dir: /home/nvidia/axolotl/navit-build/CMakeFiles/CMakeTmp

Run Build Command:"/usr/bin/make" "cmTC_9b99c/fast"
/usr/bin/make -f CMakeFiles/cmTC_9b99c.dir/build.make CMakeFiles/cmTC_9b99c.dir/build
make[1]: Entering directory '/home/nvidia/axolotl/navit-build/CMakeFiles/CMakeTmp'
Building C object CMakeFiles/cmTC_9b99c.dir/CheckFunctionExists.c.o
/usr/bin/cc    -DCHECK_FUNCTION_EXISTS=sbrk   -o CMakeFiles/cmTC_9b99c.dir/CheckFunctionExists.c.o   -c /usr/share/cmake-3.5/Modules/CheckFunctionExists.c
Linking C executable cmTC_9b99c
/usr/bin/cmake -E cmake_link_script CMakeFiles/cmTC_9b99c.dir/link.txt --verbose=1
/usr/bin/cc   -DCHECK_FUNCTION_EXISTS=sbrk    CMakeFiles/cmTC_9b99c.dir/CheckFunctionExists.c.o  -o cmTC_9b99c -rdynamic 
make[1]: Leaving directory '/home/nvidia/axolotl/navit-build/CMakeFiles/CMakeTmp'


Determining if the function getdelim exists passed with the following output:
Change Dir: /home/nvidia/axolotl/navit-build/CMakeFiles/CMakeTmp

Run Build Command:"/usr/bin/make" "cmTC_3327f/fast"
/usr/bin/make -f CMakeFiles/cmTC_3327f.dir/build.make CMakeFiles/cmTC_3327f.dir/build
make[1]: Entering directory '/home/nvidia/axolotl/navit-build/CMakeFiles/CMakeTmp'
Building C object CMakeFiles/cmTC_3327f.dir/CheckFunctionExists.c.o
/usr/bin/cc    -DCHECK_FUNCTION_EXISTS=getdelim   -o CMakeFiles/cmTC_3327f.dir/CheckFunctionExists.c.o   -c /usr/share/cmake-3.5/Modules/CheckFunctionExists.c
Linking C executable cmTC_3327f
/usr/bin/cmake -E cmake_link_script CMakeFiles/cmTC_3327f.dir/link.txt --verbose=1
/usr/bin/cc   -DCHECK_FUNCTION_EXISTS=getdelim    CMakeFiles/cmTC_3327f.dir/CheckFunctionExists.c.o  -o cmTC_3327f -rdynamic 
make[1]: Leaving directory '/home/nvidia/axolotl/navit-build/CMakeFiles/CMakeTmp'


Determining if the function getline exists passed with the following output:
Change Dir: /home/nvidia/axolotl/navit-build/CMakeFiles/CMakeTmp

Run Build Command:"/usr/bin/make" "cmTC_5c688/fast"
/usr/bin/make -f CMakeFiles/cmTC_5c688.dir/build.make CMakeFiles/cmTC_5c688.dir/build
make[1]: Entering directory '/home/nvidia/axolotl/navit-build/CMakeFiles/CMakeTmp'
Building C object CMakeFiles/cmTC_5c688.dir/CheckFunctionExists.c.o
/usr/bin/cc    -DCHECK_FUNCTION_EXISTS=getline   -o CMakeFiles/cmTC_5c688.dir/CheckFunctionExists.c.o   -c /usr/share/cmake-3.5/Modules/CheckFunctionExists.c
Linking C executable cmTC_5c688
/usr/bin/cmake -E cmake_link_script CMakeFiles/cmTC_5c688.dir/link.txt --verbose=1
/usr/bin/cc   -DCHECK_FUNCTION_EXISTS=getline    CMakeFiles/cmTC_5c688.dir/CheckFunctionExists.c.o  -o cmTC_5c688 -rdynamic 
make[1]: Leaving directory '/home/nvidia/axolotl/navit-build/CMakeFiles/CMakeTmp'


Determining if the function fsync exists passed with the following output:
Change Dir: /home/nvidia/axolotl/navit-build/CMakeFiles/CMakeTmp

Run Build Command:"/usr/bin/make" "cmTC_3cacf/fast"
/usr/bin/make -f CMakeFiles/cmTC_3cacf.dir/build.make CMakeFiles/cmTC_3cacf.dir/build
make[1]: Entering directory '/home/nvidia/axolotl/navit-build/CMakeFiles/CMakeTmp'
Building C object CMakeFiles/cmTC_3cacf.dir/CheckFunctionExists.c.o
/usr/bin/cc    -DCHECK_FUNCTION_EXISTS=fsync   -o CMakeFiles/cmTC_3cacf.dir/CheckFunctionExists.c.o   -c /usr/share/cmake-3.5/Modules/CheckFunctionExists.c
Linking C executable cmTC_3cacf
/usr/bin/cmake -E cmake_link_script CMakeFiles/cmTC_3cacf.dir/link.txt --verbose=1
/usr/bin/cc   -DCHECK_FUNCTION_EXISTS=fsync    CMakeFiles/cmTC_3cacf.dir/CheckFunctionExists.c.o  -o cmTC_3cacf -rdynamic 
make[1]: Leaving directory '/home/nvidia/axolotl/navit-build/CMakeFiles/CMakeTmp'


Determining if the function FreeImage_Load exists in the freeimage passed with the following output:
Change Dir: /home/nvidia/axolotl/navit-build/CMakeFiles/CMakeTmp

Run Build Command:"/usr/bin/make" "cmTC_79195/fast"
/usr/bin/make -f CMakeFiles/cmTC_79195.dir/build.make CMakeFiles/cmTC_79195.dir/build
make[1]: Entering directory '/home/nvidia/axolotl/navit-build/CMakeFiles/CMakeTmp'
Building C object CMakeFiles/cmTC_79195.dir/CheckFunctionExists.c.o
/usr/bin/cc    -DCHECK_FUNCTION_EXISTS=FreeImage_Load   -o CMakeFiles/cmTC_79195.dir/CheckFunctionExists.c.o   -c /usr/share/cmake-3.5/Modules/CheckFunctionExists.c
Linking C executable cmTC_79195
/usr/bin/cmake -E cmake_link_script CMakeFiles/cmTC_79195.dir/link.txt --verbose=1
/usr/bin/cc   -DCHECK_FUNCTION_EXISTS=FreeImage_Load    CMakeFiles/cmTC_79195.dir/CheckFunctionExists.c.o  -o cmTC_79195 -rdynamic -lfreeimage 
make[1]: Leaving directory '/home/nvidia/axolotl/navit-build/CMakeFiles/CMakeTmp'


Determining if the getifaddrs exist passed with the following output:
Change Dir: /home/nvidia/axolotl/navit-build/CMakeFiles/CMakeTmp

Run Build Command:"/usr/bin/make" "cmTC_12c59/fast"
/usr/bin/make -f CMakeFiles/cmTC_12c59.dir/build.make CMakeFiles/cmTC_12c59.dir/build
make[1]: Entering directory '/home/nvidia/axolotl/navit-build/CMakeFiles/CMakeTmp'
Building C object CMakeFiles/cmTC_12c59.dir/CheckSymbolExists.c.o
/usr/bin/cc     -o CMakeFiles/cmTC_12c59.dir/CheckSymbolExists.c.o   -c /home/nvidia/axolotl/navit-build/CMakeFiles/CMakeTmp/CheckSymbolExists.c
Linking C executable cmTC_12c59
/usr/bin/cmake -E cmake_link_script CMakeFiles/cmTC_12c59.dir/link.txt --verbose=1
/usr/bin/cc       CMakeFiles/cmTC_12c59.dir/CheckSymbolExists.c.o  -o cmTC_12c59 -rdynamic 
make[1]: Leaving directory '/home/nvidia/axolotl/navit-build/CMakeFiles/CMakeTmp'

File /home/nvidia/axolotl/navit-build/CMakeFiles/CMakeTmp/CheckSymbolExists.c:
/* */
#include <sys/types.h>
#include <ifaddrs.h>

int main(int argc, char** argv)
{
  (void)argv;
#ifndef getifaddrs
  return ((int*)(&getifaddrs))[argc];
#else
  (void)argc;
  return 0;
#endif
}

Determining if files malloc.h exist passed with the following output:
Change Dir: /home/nvidia/axolotl/navit-build/CMakeFiles/CMakeTmp

Run Build Command:"/usr/bin/make" "cmTC_eccdf/fast"
/usr/bin/make -f CMakeFiles/cmTC_eccdf.dir/build.make CMakeFiles/cmTC_eccdf.dir/build
make[1]: Entering directory '/home/nvidia/axolotl/navit-build/CMakeFiles/CMakeTmp'
Building C object CMakeFiles/cmTC_eccdf.dir/CheckIncludeFiles.c.o
/usr/bin/cc     -o CMakeFiles/cmTC_eccdf.dir/CheckIncludeFiles.c.o   -c /home/nvidia/axolotl/navit-build/CMakeFiles/CMakeTmp/CheckIncludeFiles.c
Linking C executable cmTC_eccdf
/usr/bin/cmake -E cmake_link_script CMakeFiles/cmTC_eccdf.dir/link.txt --verbose=1
/usr/bin/cc       CMakeFiles/cmTC_eccdf.dir/CheckIncludeFiles.c.o  -o cmTC_eccdf -rdynamic 
make[1]: Leaving directory '/home/nvidia/axolotl/navit-build/CMakeFiles/CMakeTmp'


Determining if files sys/param.h;sys/mount.h exist passed with the following output:
Change Dir: /home/nvidia/axolotl/navit-build/CMakeFiles/CMakeTmp

Run Build Command:"/usr/bin/make" "cmTC_bbf3c/fast"
/usr/bin/make -f CMakeFiles/cmTC_bbf3c.dir/build.make CMakeFiles/cmTC_bbf3c.dir/build
make[1]: Entering directory '/home/nvidia/axolotl/navit-build/CMakeFiles/CMakeTmp'
Building C object CMakeFiles/cmTC_bbf3c.dir/CheckIncludeFiles.c.o
/usr/bin/cc     -o CMakeFiles/cmTC_bbf3c.dir/CheckIncludeFiles.c.o   -c /home/nvidia/axolotl/navit-build/CMakeFiles/CMakeTmp/CheckIncludeFiles.c
Linking C executable cmTC_bbf3c
/usr/bin/cmake -E cmake_link_script CMakeFiles/cmTC_bbf3c.dir/link.txt --verbose=1
/usr/bin/cc       CMakeFiles/cmTC_bbf3c.dir/CheckIncludeFiles.c.o  -o cmTC_bbf3c -rdynamic 
make[1]: Leaving directory '/home/nvidia/axolotl/navit-build/CMakeFiles/CMakeTmp'


Determining if files unistd.h exist passed with the following output:
Change Dir: /home/nvidia/axolotl/navit-build/CMakeFiles/CMakeTmp

Run Build Command:"/usr/bin/make" "cmTC_f4130/fast"
/usr/bin/make -f CMakeFiles/cmTC_f4130.dir/build.make CMakeFiles/cmTC_f4130.dir/build
make[1]: Entering directory '/home/nvidia/axolotl/navit-build/CMakeFiles/CMakeTmp'
Building C object CMakeFiles/cmTC_f4130.dir/CheckIncludeFiles.c.o
/usr/bin/cc     -o CMakeFiles/cmTC_f4130.dir/CheckIncludeFiles.c.o   -c /home/nvidia/axolotl/navit-build/CMakeFiles/CMakeTmp/CheckIncludeFiles.c
Linking C executable cmTC_f4130
/usr/bin/cmake -E cmake_link_script CMakeFiles/cmTC_f4130.dir/link.txt --verbose=1
/usr/bin/cc       CMakeFiles/cmTC_f4130.dir/CheckIncludeFiles.c.o  -o cmTC_f4130 -rdynamic 
make[1]: Leaving directory '/home/nvidia/axolotl/navit-build/CMakeFiles/CMakeTmp'


Determining if the function getcwd exists passed with the following output:
Change Dir: /home/nvidia/axolotl/navit-build/CMakeFiles/CMakeTmp

Run Build Command:"/usr/bin/make" "cmTC_805e3/fast"
/usr/bin/make -f CMakeFiles/cmTC_805e3.dir/build.make CMakeFiles/cmTC_805e3.dir/build
make[1]: Entering directory '/home/nvidia/axolotl/navit-build/CMakeFiles/CMakeTmp'
Building C object CMakeFiles/cmTC_805e3.dir/CheckFunctionExists.c.o
/usr/bin/cc    -DCHECK_FUNCTION_EXISTS=getcwd   -o CMakeFiles/cmTC_805e3.dir/CheckFunctionExists.c.o   -c /usr/share/cmake-3.5/Modules/CheckFunctionExists.c
Linking C executable cmTC_805e3
/usr/bin/cmake -E cmake_link_script CMakeFiles/cmTC_805e3.dir/link.txt --verbose=1
/usr/bin/cc   -DCHECK_FUNCTION_EXISTS=getcwd    CMakeFiles/cmTC_805e3.dir/CheckFunctionExists.c.o  -o cmTC_805e3 -rdynamic 
make[1]: Leaving directory '/home/nvidia/axolotl/navit-build/CMakeFiles/CMakeTmp'


Determining if the function memalign exists passed with the following output:
Change Dir: /home/nvidia/axolotl/navit-build/CMakeFiles/CMakeTmp

Run Build Command:"/usr/bin/make" "cmTC_1696d/fast"
/usr/bin/make -f CMakeFiles/cmTC_1696d.dir/build.make CMakeFiles/cmTC_1696d.dir/build
make[1]: Entering directory '/home/nvidia/axolotl/navit-build/CMakeFiles/CMakeTmp'
Building C object CMakeFiles/cmTC_1696d.dir/CheckFunctionExists.c.o
/usr/bin/cc    -DCHECK_FUNCTION_EXISTS=memalign   -o CMakeFiles/cmTC_1696d.dir/CheckFunctionExists.c.o   -c /usr/share/cmake-3.5/Modules/CheckFunctionExists.c
Linking C executable cmTC_1696d
/usr/bin/cmake -E cmake_link_script CMakeFiles/cmTC_1696d.dir/link.txt --verbose=1
/usr/bin/cc   -DCHECK_FUNCTION_EXISTS=memalign    CMakeFiles/cmTC_1696d.dir/CheckFunctionExists.c.o  -o cmTC_1696d -rdynamic 
make[1]: Leaving directory '/home/nvidia/axolotl/navit-build/CMakeFiles/CMakeTmp'


Determining if the function valloc exists passed with the following output:
Change Dir: /home/nvidia/axolotl/navit-build/CMakeFiles/CMakeTmp

Run Build Command:"/usr/bin/make" "cmTC_fa406/fast"
/usr/bin/make -f CMakeFiles/cmTC_fa406.dir/build.make CMakeFiles/cmTC_fa406.dir/build
make[1]: Entering directory '/home/nvidia/axolotl/navit-build/CMakeFiles/CMakeTmp'
Building C object CMakeFiles/cmTC_fa406.dir/CheckFunctionExists.c.o
/usr/bin/cc    -DCHECK_FUNCTION_EXISTS=valloc   -o CMakeFiles/cmTC_fa406.dir/CheckFunctionExists.c.o   -c /usr/share/cmake-3.5/Modules/CheckFunctionExists.c
Linking C executable cmTC_fa406
/usr/bin/cmake -E cmake_link_script CMakeFiles/cmTC_fa406.dir/link.txt --verbose=1
/usr/bin/cc   -DCHECK_FUNCTION_EXISTS=valloc    CMakeFiles/cmTC_fa406.dir/CheckFunctionExists.c.o  -o cmTC_fa406 -rdynamic 
make[1]: Leaving directory '/home/nvidia/axolotl/navit-build/CMakeFiles/CMakeTmp'


Determining if the function posix_memalign exists passed with the following output:
Change Dir: /home/nvidia/axolotl/navit-build/CMakeFiles/CMakeTmp

Run Build Command:"/usr/bin/make" "cmTC_2a728/fast"
/usr/bin/make -f CMakeFiles/cmTC_2a728.dir/build.make CMakeFiles/cmTC_2a728.dir/build
make[1]: Entering directory '/home/nvidia/axolotl/navit-build/CMakeFiles/CMakeTmp'
Building C object CMakeFiles/cmTC_2a728.dir/CheckFunctionExists.c.o
/usr/bin/cc    -DCHECK_FUNCTION_EXISTS=posix_memalign   -o CMakeFiles/cmTC_2a728.dir/CheckFunctionExists.c.o   -c /usr/share/cmake-3.5/Modules/CheckFunctionExists.c
<command-line>:0:23: warning: conflicting types for built-in function ‘posix_memalign’
/usr/share/cmake-3.5/Modules/CheckFunctionExists.c:6:6: note: in expansion of macro ‘CHECK_FUNCTION_EXISTS’
 char CHECK_FUNCTION_EXISTS();
      ^
Linking C executable cmTC_2a728
/usr/bin/cmake -E cmake_link_script CMakeFiles/cmTC_2a728.dir/link.txt --verbose=1
/usr/bin/cc   -DCHECK_FUNCTION_EXISTS=posix_memalign    CMakeFiles/cmTC_2a728.dir/CheckFunctionExists.c.o  -o cmTC_2a728 -rdynamic 
make[1]: Leaving directory '/home/nvidia/axolotl/navit-build/CMakeFiles/CMakeTmp'


Determining if the function popen exists passed with the following output:
Change Dir: /home/nvidia/axolotl/navit-build/CMakeFiles/CMakeTmp

Run Build Command:"/usr/bin/make" "cmTC_9c50d/fast"
/usr/bin/make -f CMakeFiles/cmTC_9c50d.dir/build.make CMakeFiles/cmTC_9c50d.dir/build
make[1]: Entering directory '/home/nvidia/axolotl/navit-build/CMakeFiles/CMakeTmp'
Building C object CMakeFiles/cmTC_9c50d.dir/CheckFunctionExists.c.o
/usr/bin/cc    -DCHECK_FUNCTION_EXISTS=popen   -o CMakeFiles/cmTC_9c50d.dir/CheckFunctionExists.c.o   -c /usr/share/cmake-3.5/Modules/CheckFunctionExists.c
Linking C executable cmTC_9c50d
/usr/bin/cmake -E cmake_link_script CMakeFiles/cmTC_9c50d.dir/link.txt --verbose=1
/usr/bin/cc   -DCHECK_FUNCTION_EXISTS=popen    CMakeFiles/cmTC_9c50d.dir/CheckFunctionExists.c.o  -o cmTC_9c50d -rdynamic 
make[1]: Leaving directory '/home/nvidia/axolotl/navit-build/CMakeFiles/CMakeTmp'


Performing C SOURCE FILE Test FLAG_AVAILABLE_C_-Wno-missing-field-initializers succeeded with the following output:
Change Dir: /home/nvidia/axolotl/navit-build/CMakeFiles/CMakeTmp

Run Build Command:"/usr/bin/make" "cmTC_6a6fb/fast"
/usr/bin/make -f CMakeFiles/cmTC_6a6fb.dir/build.make CMakeFiles/cmTC_6a6fb.dir/build
make[1]: Entering directory '/home/nvidia/axolotl/navit-build/CMakeFiles/CMakeTmp'
Building C object CMakeFiles/cmTC_6a6fb.dir/src.c.o
/usr/bin/cc    -Wall -Wundef -Wcast-align -Wpointer-arith -Wno-unused-parameter -Wno-sign-compare -DFLAG_AVAILABLE_C_-Wno-missing-field-initializers   -Wno-missing-field-initializers -o CMakeFiles/cmTC_6a6fb.dir/src.c.o   -c /home/nvidia/axolotl/navit-build/CMakeFiles/CMakeTmp/src.c
<command-line>:0:18: warning: ISO C99 requires whitespace after the macro name
Linking C executable cmTC_6a6fb
/usr/bin/cmake -E cmake_link_script CMakeFiles/cmTC_6a6fb.dir/link.txt --verbose=1
/usr/bin/cc   -Wall -Wundef -Wcast-align -Wpointer-arith -Wno-unused-parameter -Wno-sign-compare -DFLAG_AVAILABLE_C_-Wno-missing-field-initializers    CMakeFiles/cmTC_6a6fb.dir/src.c.o  -o cmTC_6a6fb -rdynamic 
make[1]: Leaving directory '/home/nvidia/axolotl/navit-build/CMakeFiles/CMakeTmp'

Source file was:
int main(void) { return 0; }
Performing C++ SOURCE FILE Test FLAG_AVAILABLE_CXX_-Wno-missing-field-initializers succeeded with the following output:
Change Dir: /home/nvidia/axolotl/navit-build/CMakeFiles/CMakeTmp

Run Build Command:"/usr/bin/make" "cmTC_debb0/fast"
/usr/bin/make -f CMakeFiles/cmTC_debb0.dir/build.make CMakeFiles/cmTC_debb0.dir/build
make[1]: Entering directory '/home/nvidia/axolotl/navit-build/CMakeFiles/CMakeTmp'
Building CXX object CMakeFiles/cmTC_debb0.dir/src.cxx.o
/usr/bin/c++     -Wall -Wundef -Wcast-align -Wpointer-arith -Wno-unused-parameter -Wno-sign-compare -Wall -Wundef -Wcast-align -Wpointer-arith -Wno-unused-parameter -Wno-sign-compare -DFLAG_AVAILABLE_CXX_-Wno-missing-field-initializers   -Wno-missing-field-initializers -o CMakeFiles/cmTC_debb0.dir/src.cxx.o -c /home/nvidia/axolotl/navit-build/CMakeFiles/CMakeTmp/src.cxx
<command-line>:0:20: warning: missing whitespace after the macro name
Linking CXX executable cmTC_debb0
/usr/bin/cmake -E cmake_link_script CMakeFiles/cmTC_debb0.dir/link.txt --verbose=1
/usr/bin/c++    -Wall -Wundef -Wcast-align -Wpointer-arith -Wno-unused-parameter -Wno-sign-compare -Wall -Wundef -Wcast-align -Wpointer-arith -Wno-unused-parameter -Wno-sign-compare -DFLAG_AVAILABLE_CXX_-Wno-missing-field-initializers    CMakeFiles/cmTC_debb0.dir/src.cxx.o  -o cmTC_debb0 -rdynamic 
make[1]: Leaving directory '/home/nvidia/axolotl/navit-build/CMakeFiles/CMakeTmp'

Source file was:
int main() { return 0; }
Performing C SOURCE FILE Test FLAG_AVAILABLE_C_-Wextra succeeded with the following output:
Change Dir: /home/nvidia/axolotl/navit-build/CMakeFiles/CMakeTmp

Run Build Command:"/usr/bin/make" "cmTC_0327e/fast"
/usr/bin/make -f CMakeFiles/cmTC_0327e.dir/build.make CMakeFiles/cmTC_0327e.dir/build
make[1]: Entering directory '/home/nvidia/axolotl/navit-build/CMakeFiles/CMakeTmp'
Building C object CMakeFiles/cmTC_0327e.dir/src.c.o
/usr/bin/cc    -Wall -Wundef -Wcast-align -Wpointer-arith -Wno-unused-parameter -Wno-sign-compare -Wno-missing-field-initializers  -DFLAG_AVAILABLE_C_-Wextra   -Wextra -o CMakeFiles/cmTC_0327e.dir/src.c.o   -c /home/nvidia/axolotl/navit-build/CMakeFiles/CMakeTmp/src.c
<command-line>:0:18: warning: ISO C99 requires whitespace after the macro name
Linking C executable cmTC_0327e
/usr/bin/cmake -E cmake_link_script CMakeFiles/cmTC_0327e.dir/link.txt --verbose=1
/usr/bin/cc   -Wall -Wundef -Wcast-align -Wpointer-arith -Wno-unused-parameter -Wno-sign-compare -Wno-missing-field-initializers  -DFLAG_AVAILABLE_C_-Wextra    CMakeFiles/cmTC_0327e.dir/src.c.o  -o cmTC_0327e -rdynamic 
make[1]: Leaving directory '/home/nvidia/axolotl/navit-build/CMakeFiles/CMakeTmp'

Source file was:
int main(void) { return 0; }
Performing C++ SOURCE FILE Test FLAG_AVAILABLE_CXX_-Wextra succeeded with the following output:
Change Dir: /home/nvidia/axolotl/navit-build/CMakeFiles/CMakeTmp

Run Build Command:"/usr/bin/make" "cmTC_fe651/fast"
/usr/bin/make -f CMakeFiles/cmTC_fe651.dir/build.make CMakeFiles/cmTC_fe651.dir/build
make[1]: Entering directory '/home/nvidia/axolotl/navit-build/CMakeFiles/CMakeTmp'
Building CXX object CMakeFiles/cmTC_fe651.dir/src.cxx.o
/usr/bin/c++     -Wall -Wundef -Wcast-align -Wpointer-arith -Wno-unused-parameter -Wno-sign-compare -Wall -Wundef -Wcast-align -Wpointer-arith -Wno-unused-parameter -Wno-sign-compare -Wno-missing-field-initializers  -DFLAG_AVAILABLE_CXX_-Wextra   -Wextra -o CMakeFiles/cmTC_fe651.dir/src.cxx.o -c /home/nvidia/axolotl/navit-build/CMakeFiles/CMakeTmp/src.cxx
<command-line>:0:20: warning: missing whitespace after the macro name
Linking CXX executable cmTC_fe651
/usr/bin/cmake -E cmake_link_script CMakeFiles/cmTC_fe651.dir/link.txt --verbose=1
/usr/bin/c++    -Wall -Wundef -Wcast-align -Wpointer-arith -Wno-unused-parameter -Wno-sign-compare -Wall -Wundef -Wcast-align -Wpointer-arith -Wno-unused-parameter -Wno-sign-compare -Wno-missing-field-initializers  -DFLAG_AVAILABLE_CXX_-Wextra    CMakeFiles/cmTC_fe651.dir/src.cxx.o  -o cmTC_fe651 -rdynamic 
make[1]: Leaving directory '/home/nvidia/axolotl/navit-build/CMakeFiles/CMakeTmp'

Source file was:
int main() { return 0; }
Performing C SOURCE FILE Test FLAG_AVAILABLE_C_-Wmissing-prototypes succeeded with the following output:
Change Dir: /home/nvidia/axolotl/navit-build/CMakeFiles/CMakeTmp

Run Build Command:"/usr/bin/make" "cmTC_8d05e/fast"
/usr/bin/make -f CMakeFiles/cmTC_8d05e.dir/build.make CMakeFiles/cmTC_8d05e.dir/build
make[1]: Entering directory '/home/nvidia/axolotl/navit-build/CMakeFiles/CMakeTmp'
Building C object CMakeFiles/cmTC_8d05e.dir/src.c.o
/usr/bin/cc    -Wall -Wundef -Wcast-align -Wpointer-arith -Wno-unused-parameter -Wno-sign-compare -Wno-missing-field-initializers  -Wextra  -DFLAG_AVAILABLE_C_-Wmissing-prototypes   -Wmissing-prototypes -o CMakeFiles/cmTC_8d05e.dir/src.c.o   -c /home/nvidia/axolotl/navit-build/CMakeFiles/CMakeTmp/src.c
<command-line>:0:18: warning: ISO C99 requires whitespace after the macro name
Linking C executable cmTC_8d05e
/usr/bin/cmake -E cmake_link_script CMakeFiles/cmTC_8d05e.dir/link.txt --verbose=1
/usr/bin/cc   -Wall -Wundef -Wcast-align -Wpointer-arith -Wno-unused-parameter -Wno-sign-compare -Wno-missing-field-initializers  -Wextra  -DFLAG_AVAILABLE_C_-Wmissing-prototypes    CMakeFiles/cmTC_8d05e.dir/src.c.o  -o cmTC_8d05e -rdynamic 
make[1]: Leaving directory '/home/nvidia/axolotl/navit-build/CMakeFiles/CMakeTmp'

Source file was:
int main(void) { return 0; }
Performing C SOURCE FILE Test FLAG_AVAILABLE_C_-Wstrict-prototypes succeeded with the following output:
Change Dir: /home/nvidia/axolotl/navit-build/CMakeFiles/CMakeTmp

Run Build Command:"/usr/bin/make" "cmTC_76f5b/fast"
/usr/bin/make -f CMakeFiles/cmTC_76f5b.dir/build.make CMakeFiles/cmTC_76f5b.dir/build
make[1]: Entering directory '/home/nvidia/axolotl/navit-build/CMakeFiles/CMakeTmp'
Building C object CMakeFiles/cmTC_76f5b.dir/src.c.o
/usr/bin/cc    -Wall -Wundef -Wcast-align -Wpointer-arith -Wno-unused-parameter -Wno-sign-compare -Wno-missing-field-initializers  -Wextra  -Wmissing-prototypes  -DFLAG_AVAILABLE_C_-Wstrict-prototypes   -Wstrict-prototypes -o CMakeFiles/cmTC_76f5b.dir/src.c.o   -c /home/nvidia/axolotl/navit-build/CMakeFiles/CMakeTmp/src.c
<command-line>:0:18: warning: ISO C99 requires whitespace after the macro name
Linking C executable cmTC_76f5b
/usr/bin/cmake -E cmake_link_script CMakeFiles/cmTC_76f5b.dir/link.txt --verbose=1
/usr/bin/cc   -Wall -Wundef -Wcast-align -Wpointer-arith -Wno-unused-parameter -Wno-sign-compare -Wno-missing-field-initializers  -Wextra  -Wmissing-prototypes  -DFLAG_AVAILABLE_C_-Wstrict-prototypes    CMakeFiles/cmTC_76f5b.dir/src.c.o  -o cmTC_76f5b -rdynamic 
make[1]: Leaving directory '/home/nvidia/axolotl/navit-build/CMakeFiles/CMakeTmp'

Source file was:
int main(void) { return 0; }
Performing C SOURCE FILE Test FLAG_AVAILABLE_C_-Wformat-security succeeded with the following output:
Change Dir: /home/nvidia/axolotl/navit-build/CMakeFiles/CMakeTmp

Run Build Command:"/usr/bin/make" "cmTC_98d98/fast"
/usr/bin/make -f CMakeFiles/cmTC_98d98.dir/build.make CMakeFiles/cmTC_98d98.dir/build
make[1]: Entering directory '/home/nvidia/axolotl/navit-build/CMakeFiles/CMakeTmp'
Building C object CMakeFiles/cmTC_98d98.dir/src.c.o
/usr/bin/cc    -Wall -Wundef -Wcast-align -Wpointer-arith -Wno-unused-parameter -Wno-sign-compare -Wno-missing-field-initializers  -Wextra  -Wmissing-prototypes  -Wstrict-prototypes  -DFLAG_AVAILABLE_C_-Wformat-security   -Wformat-security -o CMakeFiles/cmTC_98d98.dir/src.c.o   -c /home/nvidia/axolotl/navit-build/CMakeFiles/CMakeTmp/src.c
<command-line>:0:18: warning: ISO C99 requires whitespace after the macro name
Linking C executable cmTC_98d98
/usr/bin/cmake -E cmake_link_script CMakeFiles/cmTC_98d98.dir/link.txt --verbose=1
/usr/bin/cc   -Wall -Wundef -Wcast-align -Wpointer-arith -Wno-unused-parameter -Wno-sign-compare -Wno-missing-field-initializers  -Wextra  -Wmissing-prototypes  -Wstrict-prototypes  -DFLAG_AVAILABLE_C_-Wformat-security    CMakeFiles/cmTC_98d98.dir/src.c.o  -o cmTC_98d98 -rdynamic 
make[1]: Leaving directory '/home/nvidia/axolotl/navit-build/CMakeFiles/CMakeTmp'

Source file was:
int main(void) { return 0; }
Performing C++ SOURCE FILE Test FLAG_AVAILABLE_CXX_-Wformat-security succeeded with the following output:
Change Dir: /home/nvidia/axolotl/navit-build/CMakeFiles/CMakeTmp

Run Build Command:"/usr/bin/make" "cmTC_92616/fast"
/usr/bin/make -f CMakeFiles/cmTC_92616.dir/build.make CMakeFiles/cmTC_92616.dir/build
make[1]: Entering directory '/home/nvidia/axolotl/navit-build/CMakeFiles/CMakeTmp'
Building CXX object CMakeFiles/cmTC_92616.dir/src.cxx.o
/usr/bin/c++     -Wall -Wundef -Wcast-align -Wpointer-arith -Wno-unused-parameter -Wno-sign-compare -Wall -Wundef -Wcast-align -Wpointer-arith -Wno-unused-parameter -Wno-sign-compare -Wno-missing-field-initializers  -Wextra  -DFLAG_AVAILABLE_CXX_-Wformat-security   -Wformat-security -o CMakeFiles/cmTC_92616.dir/src.cxx.o -c /home/nvidia/axolotl/navit-build/CMakeFiles/CMakeTmp/src.cxx
<command-line>:0:20: warning: missing whitespace after the macro name
Linking CXX executable cmTC_92616
/usr/bin/cmake -E cmake_link_script CMakeFiles/cmTC_92616.dir/link.txt --verbose=1
/usr/bin/c++    -Wall -Wundef -Wcast-align -Wpointer-arith -Wno-unused-parameter -Wno-sign-compare -Wall -Wundef -Wcast-align -Wpointer-arith -Wno-unused-parameter -Wno-sign-compare -Wno-missing-field-initializers  -Wextra  -DFLAG_AVAILABLE_CXX_-Wformat-security    CMakeFiles/cmTC_92616.dir/src.cxx.o  -o cmTC_92616 -rdynamic 
make[1]: Leaving directory '/home/nvidia/axolotl/navit-build/CMakeFiles/CMakeTmp'

Source file was:
int main() { return 0; }
