Determining if the pthread_create exist failed with the following output:
Change Dir: /home/nvidia/axolotl/navit-build/CMakeFiles/CMakeTmp

Run Build Command:"/usr/bin/make" "cmTC_81936/fast"
/usr/bin/make -f CMakeFiles/cmTC_81936.dir/build.make CMakeFiles/cmTC_81936.dir/build
make[1]: Entering directory '/home/nvidia/axolotl/navit-build/CMakeFiles/CMakeTmp'
Building C object CMakeFiles/cmTC_81936.dir/CheckSymbolExists.c.o
/usr/bin/cc     -o CMakeFiles/cmTC_81936.dir/CheckSymbolExists.c.o   -c /home/nvidia/axolotl/navit-build/CMakeFiles/CMakeTmp/CheckSymbolExists.c
Linking C executable cmTC_81936
/usr/bin/cmake -E cmake_link_script CMakeFiles/cmTC_81936.dir/link.txt --verbose=1
/usr/bin/cc       CMakeFiles/cmTC_81936.dir/CheckSymbolExists.c.o  -o cmTC_81936 -rdynamic 
CMakeFiles/cmTC_81936.dir/CheckSymbolExists.c.o: In function `main':
CheckSymbolExists.c:(.text+0x14): undefined reference to `pthread_create'
CheckSymbolExists.c:(.text+0x18): undefined reference to `pthread_create'
collect2: error: ld returned 1 exit status
CMakeFiles/cmTC_81936.dir/build.make:97: recipe for target 'cmTC_81936' failed
make[1]: *** [cmTC_81936] Error 1
make[1]: Leaving directory '/home/nvidia/axolotl/navit-build/CMakeFiles/CMakeTmp'
Makefile:126: recipe for target 'cmTC_81936/fast' failed
make: *** [cmTC_81936/fast] Error 2

File /home/nvidia/axolotl/navit-build/CMakeFiles/CMakeTmp/CheckSymbolExists.c:
/* */
#include <pthread.h>

int main(int argc, char** argv)
{
  (void)argv;
#ifndef pthread_create
  return ((int*)(&pthread_create))[argc];
#else
  (void)argc;
  return 0;
#endif
}

Determining if the function pthread_create exists in the pthreads failed with the following output:
Change Dir: /home/nvidia/axolotl/navit-build/CMakeFiles/CMakeTmp

Run Build Command:"/usr/bin/make" "cmTC_ab58a/fast"
/usr/bin/make -f CMakeFiles/cmTC_ab58a.dir/build.make CMakeFiles/cmTC_ab58a.dir/build
make[1]: Entering directory '/home/nvidia/axolotl/navit-build/CMakeFiles/CMakeTmp'
Building C object CMakeFiles/cmTC_ab58a.dir/CheckFunctionExists.c.o
/usr/bin/cc    -DCHECK_FUNCTION_EXISTS=pthread_create   -o CMakeFiles/cmTC_ab58a.dir/CheckFunctionExists.c.o   -c /usr/share/cmake-3.5/Modules/CheckFunctionExists.c
Linking C executable cmTC_ab58a
/usr/bin/cmake -E cmake_link_script CMakeFiles/cmTC_ab58a.dir/link.txt --verbose=1
/usr/bin/cc   -DCHECK_FUNCTION_EXISTS=pthread_create    CMakeFiles/cmTC_ab58a.dir/CheckFunctionExists.c.o  -o cmTC_ab58a -rdynamic -lpthreads 
/usr/bin/ld: cannot find -lpthreads
collect2: error: ld returned 1 exit status
CMakeFiles/cmTC_ab58a.dir/build.make:97: recipe for target 'cmTC_ab58a' failed
make[1]: *** [cmTC_ab58a] Error 1
make[1]: Leaving directory '/home/nvidia/axolotl/navit-build/CMakeFiles/CMakeTmp'
Makefile:126: recipe for target 'cmTC_ab58a/fast' failed
make: *** [cmTC_ab58a/fast] Error 2


Determining if the function gypsy_control_get_default exists in the gypsy failed with the following output:
Change Dir: /home/nvidia/axolotl/navit-build/CMakeFiles/CMakeTmp

Run Build Command:"/usr/bin/make" "cmTC_c37ba/fast"
/usr/bin/make -f CMakeFiles/cmTC_c37ba.dir/build.make CMakeFiles/cmTC_c37ba.dir/build
make[1]: Entering directory '/home/nvidia/axolotl/navit-build/CMakeFiles/CMakeTmp'
Building C object CMakeFiles/cmTC_c37ba.dir/CheckFunctionExists.c.o
/usr/bin/cc    -DCHECK_FUNCTION_EXISTS=gypsy_control_get_default   -o CMakeFiles/cmTC_c37ba.dir/CheckFunctionExists.c.o   -c /usr/share/cmake-3.5/Modules/CheckFunctionExists.c
Linking C executable cmTC_c37ba
/usr/bin/cmake -E cmake_link_script CMakeFiles/cmTC_c37ba.dir/link.txt --verbose=1
/usr/bin/cc   -DCHECK_FUNCTION_EXISTS=gypsy_control_get_default    CMakeFiles/cmTC_c37ba.dir/CheckFunctionExists.c.o  -o cmTC_c37ba -rdynamic -lgypsy 
/usr/bin/ld: cannot find -lgypsy
collect2: error: ld returned 1 exit status
CMakeFiles/cmTC_c37ba.dir/build.make:97: recipe for target 'cmTC_c37ba' failed
make[1]: *** [cmTC_c37ba] Error 1
make[1]: Leaving directory '/home/nvidia/axolotl/navit-build/CMakeFiles/CMakeTmp'
Makefile:126: recipe for target 'cmTC_c37ba/fast' failed
make: *** [cmTC_c37ba/fast] Error 2


Determining if files libspeechd.h exist failed with the following output:
Change Dir: /home/nvidia/axolotl/navit-build/CMakeFiles/CMakeTmp

Run Build Command:"/usr/bin/make" "cmTC_aec90/fast"
/usr/bin/make -f CMakeFiles/cmTC_aec90.dir/build.make CMakeFiles/cmTC_aec90.dir/build
make[1]: Entering directory '/home/nvidia/axolotl/navit-build/CMakeFiles/CMakeTmp'
Building C object CMakeFiles/cmTC_aec90.dir/CheckIncludeFiles.c.o
/usr/bin/cc     -o CMakeFiles/cmTC_aec90.dir/CheckIncludeFiles.c.o   -c /home/nvidia/axolotl/navit-build/CMakeFiles/CMakeTmp/CheckIncludeFiles.c
/home/nvidia/axolotl/navit-build/CMakeFiles/CMakeTmp/CheckIncludeFiles.c:2:24: fatal error: libspeechd.h: No such file or directory
compilation terminated.
CMakeFiles/cmTC_aec90.dir/build.make:65: recipe for target 'CMakeFiles/cmTC_aec90.dir/CheckIncludeFiles.c.o' failed
make[1]: *** [CMakeFiles/cmTC_aec90.dir/CheckIncludeFiles.c.o] Error 1
make[1]: Leaving directory '/home/nvidia/axolotl/navit-build/CMakeFiles/CMakeTmp'
Makefile:126: recipe for target 'cmTC_aec90/fast' failed
make: *** [cmTC_aec90/fast] Error 2

Source:
/* */
#include <libspeechd.h>


int main(void){return 0;}

Determining if the CreateProcess exist failed with the following output:
Change Dir: /home/nvidia/axolotl/navit-build/CMakeFiles/CMakeTmp

Run Build Command:"/usr/bin/make" "cmTC_5ecc2/fast"
/usr/bin/make -f CMakeFiles/cmTC_5ecc2.dir/build.make CMakeFiles/cmTC_5ecc2.dir/build
make[1]: Entering directory '/home/nvidia/axolotl/navit-build/CMakeFiles/CMakeTmp'
Building C object CMakeFiles/cmTC_5ecc2.dir/CheckSymbolExists.c.o
/usr/bin/cc     -o CMakeFiles/cmTC_5ecc2.dir/CheckSymbolExists.c.o   -c /home/nvidia/axolotl/navit-build/CMakeFiles/CMakeTmp/CheckSymbolExists.c
/home/nvidia/axolotl/navit-build/CMakeFiles/CMakeTmp/CheckSymbolExists.c:2:21: fatal error: windows.h: No such file or directory
compilation terminated.
CMakeFiles/cmTC_5ecc2.dir/build.make:65: recipe for target 'CMakeFiles/cmTC_5ecc2.dir/CheckSymbolExists.c.o' failed
make[1]: *** [CMakeFiles/cmTC_5ecc2.dir/CheckSymbolExists.c.o] Error 1
make[1]: Leaving directory '/home/nvidia/axolotl/navit-build/CMakeFiles/CMakeTmp'
Makefile:126: recipe for target 'cmTC_5ecc2/fast' failed
make: *** [cmTC_5ecc2/fast] Error 2

File /home/nvidia/axolotl/navit-build/CMakeFiles/CMakeTmp/CheckSymbolExists.c:
/* */
#include <windows.h>

int main(int argc, char** argv)
{
  (void)argv;
#ifndef CreateProcess
  return ((int*)(&CreateProcess))[argc];
#else
  (void)argc;
  return 0;
#endif
}

Determining if the function libintl_fprintf exists in the intl failed with the following output:
Change Dir: /home/nvidia/axolotl/navit-build/CMakeFiles/CMakeTmp

Run Build Command:"/usr/bin/make" "cmTC_6b583/fast"
/usr/bin/make -f CMakeFiles/cmTC_6b583.dir/build.make CMakeFiles/cmTC_6b583.dir/build
make[1]: Entering directory '/home/nvidia/axolotl/navit-build/CMakeFiles/CMakeTmp'
Building C object CMakeFiles/cmTC_6b583.dir/CheckFunctionExists.c.o
/usr/bin/cc    -DCHECK_FUNCTION_EXISTS=libintl_fprintf   -o CMakeFiles/cmTC_6b583.dir/CheckFunctionExists.c.o   -c /usr/share/cmake-3.5/Modules/CheckFunctionExists.c
Linking C executable cmTC_6b583
/usr/bin/cmake -E cmake_link_script CMakeFiles/cmTC_6b583.dir/link.txt --verbose=1
/usr/bin/cc   -DCHECK_FUNCTION_EXISTS=libintl_fprintf    CMakeFiles/cmTC_6b583.dir/CheckFunctionExists.c.o  -o cmTC_6b583 -rdynamic -lintl 
/usr/bin/ld: cannot find -lintl
collect2: error: ld returned 1 exit status
CMakeFiles/cmTC_6b583.dir/build.make:97: recipe for target 'cmTC_6b583' failed
make[1]: *** [cmTC_6b583] Error 1
make[1]: Leaving directory '/home/nvidia/axolotl/navit-build/CMakeFiles/CMakeTmp'
Makefile:126: recipe for target 'cmTC_6b583/fast' failed
make: *** [cmTC_6b583/fast] Error 2


Determining if the function _atoi64 exists failed with the following output:
Change Dir: /home/nvidia/axolotl/navit-build/CMakeFiles/CMakeTmp

Run Build Command:"/usr/bin/make" "cmTC_cbefa/fast"
/usr/bin/make -f CMakeFiles/cmTC_cbefa.dir/build.make CMakeFiles/cmTC_cbefa.dir/build
make[1]: Entering directory '/home/nvidia/axolotl/navit-build/CMakeFiles/CMakeTmp'
Building C object CMakeFiles/cmTC_cbefa.dir/CheckFunctionExists.c.o
/usr/bin/cc    -DCHECK_FUNCTION_EXISTS=_atoi64   -o CMakeFiles/cmTC_cbefa.dir/CheckFunctionExists.c.o   -c /usr/share/cmake-3.5/Modules/CheckFunctionExists.c
Linking C executable cmTC_cbefa
/usr/bin/cmake -E cmake_link_script CMakeFiles/cmTC_cbefa.dir/link.txt --verbose=1
/usr/bin/cc   -DCHECK_FUNCTION_EXISTS=_atoi64    CMakeFiles/cmTC_cbefa.dir/CheckFunctionExists.c.o  -o cmTC_cbefa -rdynamic 
CMakeFiles/cmTC_cbefa.dir/CheckFunctionExists.c.o: In function `main':
CheckFunctionExists.c:(.text+0x10): undefined reference to `_atoi64'
collect2: error: ld returned 1 exit status
CMakeFiles/cmTC_cbefa.dir/build.make:97: recipe for target 'cmTC_cbefa' failed
make[1]: *** [cmTC_cbefa] Error 1
make[1]: Leaving directory '/home/nvidia/axolotl/navit-build/CMakeFiles/CMakeTmp'
Makefile:126: recipe for target 'cmTC_cbefa/fast' failed
make: *** [cmTC_cbefa/fast] Error 2


Performing C++ SOURCE FILE Test FLAG_AVAILABLE_CXX_-Wmissing-prototypes failed with the following output:
Change Dir: /home/nvidia/axolotl/navit-build/CMakeFiles/CMakeTmp

Run Build Command:"/usr/bin/make" "cmTC_376ea/fast"
/usr/bin/make -f CMakeFiles/cmTC_376ea.dir/build.make CMakeFiles/cmTC_376ea.dir/build
make[1]: Entering directory '/home/nvidia/axolotl/navit-build/CMakeFiles/CMakeTmp'
Building CXX object CMakeFiles/cmTC_376ea.dir/src.cxx.o
/usr/bin/c++     -Wall -Wundef -Wcast-align -Wpointer-arith -Wno-unused-parameter -Wno-sign-compare -Wall -Wundef -Wcast-align -Wpointer-arith -Wno-unused-parameter -Wno-sign-compare -Wno-missing-field-initializers  -Wextra  -DFLAG_AVAILABLE_CXX_-Wmissing-prototypes   -Wmissing-prototypes -o CMakeFiles/cmTC_376ea.dir/src.cxx.o -c /home/nvidia/axolotl/navit-build/CMakeFiles/CMakeTmp/src.cxx
cc1plus: warning: command line option '-Wmissing-prototypes' is valid for C/ObjC but not for C++
<command-line>:0:20: warning: missing whitespace after the macro name
Linking CXX executable cmTC_376ea
/usr/bin/cmake -E cmake_link_script CMakeFiles/cmTC_376ea.dir/link.txt --verbose=1
/usr/bin/c++    -Wall -Wundef -Wcast-align -Wpointer-arith -Wno-unused-parameter -Wno-sign-compare -Wall -Wundef -Wcast-align -Wpointer-arith -Wno-unused-parameter -Wno-sign-compare -Wno-missing-field-initializers  -Wextra  -DFLAG_AVAILABLE_CXX_-Wmissing-prototypes    CMakeFiles/cmTC_376ea.dir/src.cxx.o  -o cmTC_376ea -rdynamic 
make[1]: Leaving directory '/home/nvidia/axolotl/navit-build/CMakeFiles/CMakeTmp'

Source file was:
int main() { return 0; }
Performing C++ SOURCE FILE Test FLAG_AVAILABLE_CXX_-Wstrict-prototypes failed with the following output:
Change Dir: /home/nvidia/axolotl/navit-build/CMakeFiles/CMakeTmp

Run Build Command:"/usr/bin/make" "cmTC_9dbbb/fast"
/usr/bin/make -f CMakeFiles/cmTC_9dbbb.dir/build.make CMakeFiles/cmTC_9dbbb.dir/build
make[1]: Entering directory '/home/nvidia/axolotl/navit-build/CMakeFiles/CMakeTmp'
Building CXX object CMakeFiles/cmTC_9dbbb.dir/src.cxx.o
/usr/bin/c++     -Wall -Wundef -Wcast-align -Wpointer-arith -Wno-unused-parameter -Wno-sign-compare -Wall -Wundef -Wcast-align -Wpointer-arith -Wno-unused-parameter -Wno-sign-compare -Wno-missing-field-initializers  -Wextra  -DFLAG_AVAILABLE_CXX_-Wstrict-prototypes   -Wstrict-prototypes -o CMakeFiles/cmTC_9dbbb.dir/src.cxx.o -c /home/nvidia/axolotl/navit-build/CMakeFiles/CMakeTmp/src.cxx
cc1plus: warning: command line option '-Wstrict-prototypes' is valid for C/ObjC but not for C++
<command-line>:0:20: warning: missing whitespace after the macro name
Linking CXX executable cmTC_9dbbb
/usr/bin/cmake -E cmake_link_script CMakeFiles/cmTC_9dbbb.dir/link.txt --verbose=1
/usr/bin/c++    -Wall -Wundef -Wcast-align -Wpointer-arith -Wno-unused-parameter -Wno-sign-compare -Wall -Wundef -Wcast-align -Wpointer-arith -Wno-unused-parameter -Wno-sign-compare -Wno-missing-field-initializers  -Wextra  -DFLAG_AVAILABLE_CXX_-Wstrict-prototypes    CMakeFiles/cmTC_9dbbb.dir/src.cxx.o  -o cmTC_9dbbb -rdynamic 
make[1]: Leaving directory '/home/nvidia/axolotl/navit-build/CMakeFiles/CMakeTmp'

Source file was:
int main() { return 0; }
